[DEBUG argv] ["validate","run","--library","../nexacrolib","--project","../RP_104512_이어드림 화면 프로젝트_scr_1/edu.cloud.pa.scr.ui.xprj","-e","./plugin.cjs","-c","./validate.config.json","-o","../result","-w","project_template.json"]
[config] initial load
D:\git_prj\REQM\NTemplate\RP_104512_이어드림 화면 프로젝트_scr_1\environment_scr.xml
D:\git_prj\REQM\NTemplate\RP_104512_이어드림 화면 프로젝트_scr_1\edu.cloud.pa.scr.ui.xadl
D:\git_prj\REQM\NTemplate\RP_104512_이어드림 화면 프로젝트_scr_1\edu.cloud.pa.ui.xadl
D:\git_prj\REQM\NTemplate\RP_104512_이어드림 화면 프로젝트_scr_1\frame\frameLogin.xfdl
D:\git_prj\REQM\NTemplate\RP_104512_이어드림 화면 프로젝트_scr_1\frame\frameLoginNpki01.xfdl
D:\git_prj\REQM\NTemplate\RP_104512_이어드림 화면 프로젝트_scr_1\frame\frameLoginNpki02.xfdl
D:\git_prj\REQM\NTemplate\RP_104512_이어드림 화면 프로젝트_scr_1\frame\frameLoginOnePass.xfdl
D:\git_prj\REQM\NTemplate\RP_104512_이어드림 화면 프로젝트_scr_1\frame\frameMain.xfdl
D:\git_prj\REQM\NTemplate\RP_104512_이어드림 화면 프로젝트_scr_1\frame\frameMenu.xfdl
D:\git_prj\REQM\NTemplate\RP_104512_이어드림 화면 프로젝트_scr_1\frame\frameSitemap.xfdl
D:\git_prj\REQM\NTemplate\RP_104512_이어드림 화면 프로젝트_scr_1\frame\frameTop.xfdl
D:\git_prj\REQM\NTemplate\RP_104512_이어드림 화면 프로젝트_scr_1\frame\main.xfdl
D:\git_prj\REQM\NTemplate\RP_104512_이어드림 화면 프로젝트_scr_1\frame\bdm\commNoticeAll.xfdl
D:\git_prj\REQM\NTemplate\RP_104512_이어드림 화면 프로젝트_scr_1\frame\bdm\commStep.xfdl
D:\git_prj\REQM\NTemplate\RP_104512_이어드림 화면 프로젝트_scr_1\frame\bdm\commStepNotice.xfdl
D:\git_prj\REQM\NTemplate\RP_104512_이어드림 화면 프로젝트_scr_1\frame\bdm\frameQuickMenu.xfdl
D:\git_prj\REQM\NTemplate\RP_104512_이어드림 화면 프로젝트_scr_1\frame\bdm\frameSubMain.xfdl
D:\git_prj\REQM\NTemplate\RP_104512_이어드림 화면 프로젝트_scr_1\frame\bdm\notice1.xfdl
D:\git_prj\REQM\NTemplate\RP_104512_이어드림 화면 프로젝트_scr_1\frame\bdm\notice2.xfdl
D:\git_prj\REQM\NTemplate\RP_104512_이어드림 화면 프로젝트_scr_1\frame\bdm\notice3.xfdl
D:\git_prj\REQM\NTemplate\RP_104512_이어드림 화면 프로젝트_scr_1\frame\bdm\notice4.xfdl
D:\git_prj\REQM\NTemplate\RP_104512_이어드림 화면 프로젝트_scr_1\frame\bdm\notice5.xfdl
D:\git_prj\REQM\NTemplate\RP_104512_이어드림 화면 프로젝트_scr_1\frame\bdm\NoticeAll.xfdl
D:\git_prj\REQM\NTemplate\RP_104512_이어드림 화면 프로젝트_scr_1\frame\commom\frameBottom.xfdl
D:\git_prj\REQM\NTemplate\RP_104512_이어드림 화면 프로젝트_scr_1\frame\commom\frameBottomGov.xfdl
D:\git_prj\REQM\NTemplate\RP_104512_이어드림 화면 프로젝트_scr_1\frame\commom\frameGrade.xfdl
D:\git_prj\REQM\NTemplate\RP_104512_이어드림 화면 프로젝트_scr_1\frame\commom\frameHead.xfdl
D:\git_prj\REQM\NTemplate\RP_104512_이어드림 화면 프로젝트_scr_1\frame\commom\frameLoginNotice01.xfdl
D:\git_prj\REQM\NTemplate\RP_104512_이어드림 화면 프로젝트_scr_1\frame\commom\frameLoginNotice02.xfdl
D:\git_prj\REQM\NTemplate\RP_104512_이어드림 화면 프로젝트_scr_1\frame\commom\frameLoginNotice03.xfdl
D:\git_prj\REQM\NTemplate\RP_104512_이어드림 화면 프로젝트_scr_1\frame\commom\frameNotice.xfdl
D:\git_prj\REQM\NTemplate\RP_104512_이어드림 화면 프로젝트_scr_1\frame\commom\framePolicy01.xfdl
D:\git_prj\REQM\NTemplate\RP_104512_이어드림 화면 프로젝트_scr_1\frame\commom\framePolicy01_01.xfdl
D:\git_prj\REQM\NTemplate\RP_104512_이어드림 화면 프로젝트_scr_1\frame\commom\framePolicy01_02.xfdl
D:\git_prj\REQM\NTemplate\RP_104512_이어드림 화면 프로젝트_scr_1\frame\commom\framePolicy01_03.xfdl
D:\git_prj\REQM\NTemplate\RP_104512_이어드림 화면 프로젝트_scr_1\frame\commom\framePolicy02.xfdl
D:\git_prj\REQM\NTemplate\RP_104512_이어드림 화면 프로젝트_scr_1\frame\commom\framePolicy02_01.xfdl
D:\git_prj\REQM\NTemplate\RP_104512_이어드림 화면 프로젝트_scr_1\frame\commom\framePolicy02_02.xfdl
D:\git_prj\REQM\NTemplate\RP_104512_이어드림 화면 프로젝트_scr_1\frame\commom\framePolicy03.xfdl
D:\git_prj\REQM\NTemplate\RP_104512_이어드림 화면 프로젝트_scr_1\frame\commom\framePolicy04.xfdl
D:\git_prj\REQM\NTemplate\RP_104512_이어드림 화면 프로젝트_scr_1\frame\commom\framePolicy05.xfdl
D:\git_prj\REQM\NTemplate\RP_104512_이어드림 화면 프로젝트_scr_1\frame\commom\framePolicy07.xfdl
D:\git_prj\REQM\NTemplate\RP_104512_이어드림 화면 프로젝트_scr_1\frame\commom\framePolicyScr01.xfdl
D:\git_prj\REQM\NTemplate\RP_104512_이어드림 화면 프로젝트_scr_1\frame\commom\framePolicyScr02.xfdl
D:\git_prj\REQM\NTemplate\RP_104512_이어드림 화면 프로젝트_scr_1\frame\commom\framePolicyScr03.xfdl
D:\git_prj\REQM\NTemplate\RP_104512_이어드림 화면 프로젝트_scr_1\frame\commom\framePolicyScr04.xfdl
D:\git_prj\REQM\NTemplate\RP_104512_이어드림 화면 프로젝트_scr_1\frame\commom\framePolicy_New_01.xfdl
D:\git_prj\REQM\NTemplate\RP_104512_이어드림 화면 프로젝트_scr_1\frame\commom\framePolicy_New_02.xfdl
D:\git_prj\REQM\NTemplate\RP_104512_이어드림 화면 프로젝트_scr_1\frame\commom\framePolicy_New_03.xfdl
D:\git_prj\REQM\NTemplate\RP_104512_이어드림 화면 프로젝트_scr_1\frame\commom\framePolicy_New_04.xfdl
D:\git_prj\REQM\NTemplate\RP_104512_이어드림 화면 프로젝트_scr_1\frame\commom\framePolicy_New_05.xfdl
D:\git_prj\REQM\NTemplate\RP_104512_이어드림 화면 프로젝트_scr_1\frame\eds\commNoticeAll.xfdl
D:\git_prj\REQM\NTemplate\RP_104512_이어드림 화면 프로젝트_scr_1\frame\eds\frameBottom1.xfdl
D:\git_prj\REQM\NTemplate\RP_104512_이어드림 화면 프로젝트_scr_1\frame\eds\frameBottom2.xfdl
D:\git_prj\REQM\NTemplate\RP_104512_이어드림 화면 프로젝트_scr_1\frame\eds\frameLanguage.xfdl
D:\git_prj\REQM\NTemplate\RP_104512_이어드림 화면 프로젝트_scr_1\frame\eds\frameMap.xfdl
D:\git_prj\REQM\NTemplate\RP_104512_이어드림 화면 프로젝트_scr_1\frame\eds\frameSelectTarget.xfdl
D:\git_prj\REQM\NTemplate\RP_104512_이어드림 화면 프로젝트_scr_1\frame\eds\frameSubMain.xfdl
D:\git_prj\REQM\NTemplate\RP_104512_이어드림 화면 프로젝트_scr_1\frame\eds\frameSubMain00.xfdl
D:\git_prj\REQM\NTemplate\RP_104512_이어드림 화면 프로젝트_scr_1\frame\eds\frameTelnoListPopup.xfdl
D:\git_prj\REQM\NTemplate\RP_104512_이어드림 화면 프로젝트_scr_1\frame\eds\frameTelnoListPopup2.xfdl
D:\git_prj\REQM\NTemplate\RP_104512_이어드림 화면 프로젝트_scr_1\frame\eds\frameTop1.xfdl
D:\git_prj\REQM\NTemplate\RP_104512_이어드림 화면 프로젝트_scr_1\frame\eds\frameTop2.xfdl
D:\git_prj\REQM\NTemplate\RP_104512_이어드림 화면 프로젝트_scr_1\frame\eds\frameTop3.xfdl
D:\git_prj\REQM\NTemplate\RP_104512_이어드림 화면 프로젝트_scr_1\frame\eds\frameTop4.xfdl
D:\git_prj\REQM\NTemplate\RP_104512_이어드림 화면 프로젝트_scr_1\frame\eds\frameTop5.xfdl
D:\git_prj\REQM\NTemplate\RP_104512_이어드림 화면 프로젝트_scr_1\frame\eds\frame_policy.xfdl
D:\git_prj\REQM\NTemplate\RP_104512_이어드림 화면 프로젝트_scr_1\frame\eds\frame_privacy.xfdl
D:\git_prj\REQM\NTemplate\RP_104512_이어드림 화면 프로젝트_scr_1\frame\eds\frame_privacyList.xfdl
D:\git_prj\REQM\NTemplate\RP_104512_이어드림 화면 프로젝트_scr_1\frame\eds\frame_privacyList1.xfdl
D:\git_prj\REQM\NTemplate\RP_104512_이어드림 화면 프로젝트_scr_1\frame\eds\frame_privacyList2.xfdl
D:\git_prj\REQM\NTemplate\RP_104512_이어드림 화면 프로젝트_scr_1\frame\eds\frame_privacyList4.xfdl
D:\git_prj\REQM\NTemplate\RP_104512_이어드림 화면 프로젝트_scr_1\frame\afs\frameManualPopup.xfdl
D:\git_prj\REQM\NTemplate\RP_104512_이어드림 화면 프로젝트_scr_1\frame\afs\frameSelectShl.xfdl
D:\git_prj\REQM\NTemplate\RP_104512_이어드림 화면 프로젝트_scr_1\frame\afs\frameSelectTarget.xfdl
D:\git_prj\REQM\NTemplate\RP_104512_이어드림 화면 프로젝트_scr_1\frame\afs\frameSubMain.xfdl
D:\git_prj\REQM\NTemplate\RP_104512_이어드림 화면 프로젝트_scr_1\frame\afs\frameSubMain_copy0.xfdl
D:\git_prj\REQM\NTemplate\RP_104512_이어드림 화면 프로젝트_scr_1\frame\afs\frameTopDiv.xfdl
D:\git_prj\REQM\NTemplate\RP_104512_이어드림 화면 프로젝트_scr_1\frame\ews\frameDiv00.xfdl
D:\git_prj\REQM\NTemplate\RP_104512_이어드림 화면 프로젝트_scr_1\frame\ews\frameDiv01.xfdl
D:\git_prj\REQM\NTemplate\RP_104512_이어드림 화면 프로젝트_scr_1\frame\ews\frameDiv02.xfdl
D:\git_prj\REQM\NTemplate\RP_104512_이어드림 화면 프로젝트_scr_1\frame\ews\frameDiv03.xfdl
D:\git_prj\REQM\NTemplate\RP_104512_이어드림 화면 프로젝트_scr_1\frame\ews\frameDiv04.xfdl
D:\git_prj\REQM\NTemplate\RP_104512_이어드림 화면 프로젝트_scr_1\frame\ews\frameDiv05.xfdl
D:\git_prj\REQM\NTemplate\RP_104512_이어드림 화면 프로젝트_scr_1\frame\ews\frameSubMain.xfdl
D:\git_prj\REQM\NTemplate\RP_104512_이어드림 화면 프로젝트_scr_1\frame\ore\frameFirstMain.xfdl
D:\git_prj\REQM\NTemplate\RP_104512_이어드림 화면 프로젝트_scr_1\frame\ore\frameHead.xfdl
D:\git_prj\REQM\NTemplate\RP_104512_이어드림 화면 프로젝트_scr_1\frame\ore\frameQuickMenu.xfdl
D:\git_prj\REQM\NTemplate\RP_104512_이어드림 화면 프로젝트_scr_1\frame\ore\frameSubMain.xfdl
D:\git_prj\REQM\NTemplate\RP_104512_이어드림 화면 프로젝트_scr_1\frame\hes\frameQuickMenu.xfdl
D:\git_prj\REQM\NTemplate\RP_104512_이어드림 화면 프로젝트_scr_1\frame\hes\frameSubMain.xfdl
D:\git_prj\REQM\NTemplate\RP_104512_이어드림 화면 프로젝트_scr_1\frame\hes\frameTopDiv.xfdl
D:\git_prj\REQM\NTemplate\RP_104512_이어드림 화면 프로젝트_scr_1\frame\scr\frameAll.xfdl
D:\git_prj\REQM\NTemplate\RP_104512_이어드림 화면 프로젝트_scr_1\frame\scr\frameBottom.xfdl
D:\git_prj\REQM\NTemplate\RP_104512_이어드림 화면 프로젝트_scr_1\frame\scr\frameBottom_org.xfdl
D:\git_prj\REQM\NTemplate\RP_104512_이어드림 화면 프로젝트_scr_1\frame\scr\frameHead.xfdl
D:\git_prj\REQM\NTemplate\RP_104512_이어드림 화면 프로젝트_scr_1\frame\scr\frameLogin.xfdl
D:\git_prj\REQM\NTemplate\RP_104512_이어드림 화면 프로젝트_scr_1\frame\scr\frameMain.xfdl
D:\git_prj\REQM\NTemplate\RP_104512_이어드림 화면 프로젝트_scr_1\frame\scr\framePrvcAgre.xfdl
D:\git_prj\REQM\NTemplate\RP_104512_이어드림 화면 프로젝트_scr_1\frame\scr\frameTop.xfdl
D:\git_prj\REQM\NTemplate\RP_104512_이어드림 화면 프로젝트_scr_1\frame\scr\frameTopMenu.xfdl
D:\git_prj\REQM\NTemplate\RP_104512_이어드림 화면 프로젝트_scr_1\frame\scr\frameTopMenu_ori.xfdl
D:\git_prj\REQM\NTemplate\RP_104512_이어드림 화면 프로젝트_scr_1\frame\scr\frameTopMyInfo.xfdl
D:\git_prj\REQM\NTemplate\RP_104512_이어드림 화면 프로젝트_scr_1\frame\scr\frameTopSearch.xfdl
D:\git_prj\REQM\NTemplate\RP_104512_이어드림 화면 프로젝트_scr_1\frame\scr\frameTop_org.xfdl
D:\git_prj\REQM\NTemplate\RP_104512_이어드림 화면 프로젝트_scr_1\frame\scr\frameTop_ori.xfdl
D:\git_prj\REQM\NTemplate\RP_104512_이어드림 화면 프로젝트_scr_1\frame\scr\frameWorkIntro.xfdl
D:\git_prj\REQM\NTemplate\RP_104512_이어드림 화면 프로젝트_scr_1\frame\scr\frameWorkMain.xfdl
D:\git_prj\REQM\NTemplate\RP_104512_이어드림 화면 프로젝트_scr_1\frame\scr\frameWorkMainImg.xfdl
D:\git_prj\REQM\NTemplate\RP_104512_이어드림 화면 프로젝트_scr_1\frame\par\frameNoticeP.xfdl
D:\git_prj\REQM\NTemplate\RP_104512_이어드림 화면 프로젝트_scr_1\frame\par\frameSubMain.xfdl
D:\git_prj\REQM\NTemplate\RP_104512_이어드림 화면 프로젝트_scr_1\frame\par\frameTopDiv.xfdl
D:\git_prj\REQM\NTemplate\RP_104512_이어드림 화면 프로젝트_scr_1\frame\par\frameTopDiv1.xfdl
D:\git_prj\REQM\NTemplate\RP_104512_이어드림 화면 프로젝트_scr_1\frame\par\frameTopDiv2.xfdl
D:\git_prj\REQM\NTemplate\RP_104512_이어드림 화면 프로젝트_scr_1\frame\par\NoticeAll.xfdl
D:\git_prj\REQM\NTemplate\RP_104512_이어드림 화면 프로젝트_scr_1\frame\par\parNoticeP.xfdl
D:\git_prj\REQM\NTemplate\RP_104512_이어드림 화면 프로젝트_scr_1\frame\sqa\frameQuickMenu.xfdl
D:\git_prj\REQM\NTemplate\RP_104512_이어드림 화면 프로젝트_scr_1\frame\sqa\frameQuickMenu2.xfdl
D:\git_prj\REQM\NTemplate\RP_104512_이어드림 화면 프로젝트_scr_1\frame\sqa\frameSubMain.xfdl
D:\git_prj\REQM\NTemplate\RP_104512_이어드림 화면 프로젝트_scr_1\frame\sqa\frameSubMain2.xfdl
D:\git_prj\REQM\NTemplate\RP_104512_이어드림 화면 프로젝트_scr_1\frame\sqa\frameSubMain3.xfdl
D:\git_prj\REQM\NTemplate\RP_104512_이어드림 화면 프로젝트_scr_1\frame\sqa\frameTopDiv.xfdl
D:\git_prj\REQM\NTemplate\RP_104512_이어드림 화면 프로젝트_scr_1\frame\spr\frameSubMain.xfdl
D:\git_prj\REQM\NTemplate\RP_104512_이어드림 화면 프로젝트_scr_1\frame\uda\frameSubMain.xfdl
D:\git_prj\REQM\NTemplate\RP_104512_이어드림 화면 프로젝트_scr_1\frame\uds\frameFirstMain.xfdl
D:\git_prj\REQM\NTemplate\RP_104512_이어드림 화면 프로젝트_scr_1\frame\uds\frameInstallCheck.xfdl
D:\git_prj\REQM\NTemplate\RP_104512_이어드림 화면 프로젝트_scr_1\frame\uds\frameSubMain.xfdl
D:\git_prj\REQM\NTemplate\RP_104512_이어드림 화면 프로젝트_scr_1\comm\accessibilityGuide.xfdl
D:\git_prj\REQM\NTemplate\RP_104512_이어드림 화면 프로젝트_scr_1\comm\comm_alert.xfdl
D:\git_prj\REQM\NTemplate\RP_104512_이어드림 화면 프로젝트_scr_1\comm\comm_alertEds.xfdl
D:\git_prj\REQM\NTemplate\RP_104512_이어드림 화면 프로젝트_scr_1\comm\comm_alertScr.xfdl
D:\git_prj\REQM\NTemplate\RP_104512_이어드림 화면 프로젝트_scr_1\comm\comm_alertUda.xfdl
D:\git_prj\REQM\NTemplate\RP_104512_이어드림 화면 프로젝트_scr_1\comm\comm_browser_notice.xfdl
D:\git_prj\REQM\NTemplate\RP_104512_이어드림 화면 프로젝트_scr_1\comm\comm_cddcList.xfdl
D:\git_prj\REQM\NTemplate\RP_104512_이어드림 화면 프로젝트_scr_1\comm\comm_cddcList2.xfdl
D:\git_prj\REQM\NTemplate\RP_104512_이어드림 화면 프로젝트_scr_1\comm\comm_cddcList3.xfdl
D:\git_prj\REQM\NTemplate\RP_104512_이어드림 화면 프로젝트_scr_1\comm\comm_confirm.xfdl
D:\git_prj\REQM\NTemplate\RP_104512_이어드림 화면 프로젝트_scr_1\comm\comm_confirmEds.xfdl
D:\git_prj\REQM\NTemplate\RP_104512_이어드림 화면 프로젝트_scr_1\comm\comm_confirmScr.xfdl
D:\git_prj\REQM\NTemplate\RP_104512_이어드림 화면 프로젝트_scr_1\comm\comm_fileAdd.xfdl
D:\git_prj\REQM\NTemplate\RP_104512_이어드림 화면 프로젝트_scr_1\comm\comm_fileAdd2.xfdl
D:\git_prj\REQM\NTemplate\RP_104512_이어드림 화면 프로젝트_scr_1\comm\comm_pdfviewerPopup.xfdl
D:\git_prj\REQM\NTemplate\RP_104512_이어드림 화면 프로젝트_scr_1\comm\comm_reportPopup.xfdl
D:\git_prj\REQM\NTemplate\RP_104512_이어드림 화면 프로젝트_scr_1\comm\comm_scheduleScr_fix.xfdl
D:\git_prj\REQM\NTemplate\RP_104512_이어드림 화면 프로젝트_scr_1\comm\comm_scheduleScr_fix_org.xfdl
D:\git_prj\REQM\NTemplate\RP_104512_이어드림 화면 프로젝트_scr_1\comm\comm_scheduleScr_ssch.xfdl
D:\git_prj\REQM\NTemplate\RP_104512_이어드림 화면 프로젝트_scr_1\comm\comm_scheduleScr_ssch_org.xfdl
D:\git_prj\REQM\NTemplate\RP_104512_이어드림 화면 프로젝트_scr_1\comm\comm_selectExportType.xfdl
D:\git_prj\REQM\NTemplate\RP_104512_이어드림 화면 프로젝트_scr_1\comm\comm_tracer_wait.xfdl
D:\git_prj\REQM\NTemplate\RP_104512_이어드림 화면 프로젝트_scr_1\comm\comp_calMonth.xfdl
D:\git_prj\REQM\NTemplate\RP_104512_이어드림 화면 프로젝트_scr_1\comm\comp_chart.xfdl
D:\git_prj\REQM\NTemplate\RP_104512_이어드림 화면 프로젝트_scr_1\comm\comp_fileDownload.xfdl
D:\git_prj\REQM\NTemplate\RP_104512_이어드림 화면 프로젝트_scr_1\comm\comp_ImgCrop.xfdl
D:\git_prj\REQM\NTemplate\RP_104512_이어드림 화면 프로젝트_scr_1\comm\comp_ImgCrop2.xfdl
D:\git_prj\REQM\NTemplate\RP_104512_이어드림 화면 프로젝트_scr_1\comm\comp_korMap.xfdl
D:\git_prj\REQM\NTemplate\RP_104512_이어드림 화면 프로젝트_scr_1\comm\comp_korMap3.xfdl
D:\git_prj\REQM\NTemplate\RP_104512_이어드림 화면 프로젝트_scr_1\comm\comp_login_eduDO.xfdl
D:\git_prj\REQM\NTemplate\RP_104512_이어드림 화면 프로젝트_scr_1\comm\comp_login_ending.xfdl
D:\git_prj\REQM\NTemplate\RP_104512_이어드림 화면 프로젝트_scr_1\comm\comp_login_extend.xfdl
D:\git_prj\REQM\NTemplate\RP_104512_이어드림 화면 프로젝트_scr_1\comm\comp_login_financeAuth.xfdl
D:\git_prj\REQM\NTemplate\RP_104512_이어드림 화면 프로젝트_scr_1\comm\comp_login_npki.xfdl
D:\git_prj\REQM\NTemplate\RP_104512_이어드림 화면 프로젝트_scr_1\comm\comp_login_onepass.xfdl
D:\git_prj\REQM\NTemplate\RP_104512_이어드림 화면 프로젝트_scr_1\comm\comp_login_simpleAuth.xfdl
D:\git_prj\REQM\NTemplate\RP_104512_이어드림 화면 프로젝트_scr_1\comm\comp_mobileMenu.xfdl
D:\git_prj\REQM\NTemplate\RP_104512_이어드림 화면 프로젝트_scr_1\comm\comp_ozreport.xfdl
D:\git_prj\REQM\NTemplate\RP_104512_이어드림 화면 프로젝트_scr_1\comm\comp_pageSummary.xfdl
D:\git_prj\REQM\NTemplate\RP_104512_이어드림 화면 프로젝트_scr_1\comm\comp_pageSummaryScr.xfdl
D:\git_prj\REQM\NTemplate\RP_104512_이어드림 화면 프로젝트_scr_1\comm\comp_pageSummaryScr2.xfdl
D:\git_prj\REQM\NTemplate\RP_104512_이어드림 화면 프로젝트_scr_1\comm\comp_paginator.xfdl
D:\git_prj\REQM\NTemplate\RP_104512_이어드림 화면 프로젝트_scr_1\comm\comp_paginatorScr.xfdl
D:\git_prj\REQM\NTemplate\RP_104512_이어드림 화면 프로젝트_scr_1\comm\comp_pay_kcp.xfdl
D:\git_prj\REQM\NTemplate\RP_104512_이어드림 화면 프로젝트_scr_1\comm\comp_pay_kgini.xfdl
D:\git_prj\REQM\NTemplate\RP_104512_이어드림 화면 프로젝트_scr_1\comm\comp_pdfviewer.xfdl
D:\git_prj\REQM\NTemplate\RP_104512_이어드림 화면 프로젝트_scr_1\comm\comp_readQr.xfdl
D:\git_prj\REQM\NTemplate\RP_104512_이어드림 화면 프로젝트_scr_1\comm\comp_spin.xfdl
D:\git_prj\REQM\NTemplate\RP_104512_이어드림 화면 프로젝트_scr_1\comm\comp_tts.xfdl
D:\git_prj\REQM\NTemplate\RP_104512_이어드림 화면 프로젝트_scr_1\comm\comp_webEditor.xfdl
D:\git_prj\REQM\NTemplate\RP_104512_이어드림 화면 프로젝트_scr_1\comm\form_spy.xfdl
D:\git_prj\REQM\NTemplate\RP_104512_이어드림 화면 프로젝트_scr_1\commpop\commpop_rdn_zip.xfdl
D:\git_prj\REQM\NTemplate\RP_104512_이어드림 화면 프로젝트_scr_1\commpop\commpop_school.xfdl
D:\git_prj\REQM\NTemplate\RP_104512_이어드림 화면 프로젝트_scr_1\test\RP_104510_RP_104452_testEdit.xfdl
D:\git_prj\REQM\NTemplate\RP_104512_이어드림 화면 프로젝트_scr_1\test\RP_104510_RP_104510_testDivAcc_com.xfdl
D:\git_prj\REQM\NTemplate\RP_104512_이어드림 화면 프로젝트_scr_1\test\RP_104580_RP_101517_Form_Work (1).xfdl
D:\git_prj\REQM\NTemplate\RP_104512_이어드림 화면 프로젝트_scr_1\test\sampeportalMain.xfdl
D:\git_prj\REQM\NTemplate\RP_104512_이어드림 화면 프로젝트_scr_1\test\sample001.xfdl
D:\git_prj\REQM\NTemplate\RP_104512_이어드림 화면 프로젝트_scr_1\test\sample002.xfdl
D:\git_prj\REQM\NTemplate\RP_104512_이어드림 화면 프로젝트_scr_1\test\sampleAnimation.xfdl
D:\git_prj\REQM\NTemplate\RP_104512_이어드림 화면 프로젝트_scr_1\test\sampleBase64Image.xfdl
D:\git_prj\REQM\NTemplate\RP_104512_이어드림 화면 프로젝트_scr_1\test\sampleCalToDay.xfdl
D:\git_prj\REQM\NTemplate\RP_104512_이어드림 화면 프로젝트_scr_1\test\sampleCreateCompCheckbox.xfdl
D:\git_prj\REQM\NTemplate\RP_104512_이어드림 화면 프로젝트_scr_1\test\sampleCryptoJS.xfdl
D:\git_prj\REQM\NTemplate\RP_104512_이어드림 화면 프로젝트_scr_1\test\sampleDisplayLongText.xfdl
D:\git_prj\REQM\NTemplate\RP_104512_이어드림 화면 프로젝트_scr_1\test\sampleExcelExportImport.xfdl
D:\git_prj\REQM\NTemplate\RP_104512_이어드림 화면 프로젝트_scr_1\test\sampleExtCommonApi.xfdl
D:\git_prj\REQM\NTemplate\RP_104512_이어드림 화면 프로젝트_scr_1\test\sampleEzPdfViewer.xfdl
D:\git_prj\REQM\NTemplate\RP_104512_이어드림 화면 프로젝트_scr_1\test\sampleFileUploadDownload.xfdl
D:\git_prj\REQM\NTemplate\RP_104512_이어드림 화면 프로젝트_scr_1\test\sampleFileUploadImageData.xfdl
D:\git_prj\REQM\NTemplate\RP_104512_이어드림 화면 프로젝트_scr_1\test\sampleFileUploadManage.xfdl
D:\git_prj\REQM\NTemplate\RP_104512_이어드림 화면 프로젝트_scr_1\test\sampleframeSubMain.xfdl
D:\git_prj\REQM\NTemplate\RP_104512_이어드림 화면 프로젝트_scr_1\test\sampleGrid.xfdl
D:\git_prj\REQM\NTemplate\RP_104512_이어드림 화면 프로젝트_scr_1\test\sampleGridappendContentsCol.xfdl
D:\git_prj\REQM\NTemplate\RP_104512_이어드림 화면 프로젝트_scr_1\test\sampleImageCrop.xfdl
D:\git_prj\REQM\NTemplate\RP_104512_이어드림 화면 프로젝트_scr_1\test\sampleKoreaMap.xfdl
D:\git_prj\REQM\NTemplate\RP_104512_이어드림 화면 프로젝트_scr_1\test\sampleKorToEng.xfdl
D:\git_prj\REQM\NTemplate\RP_104512_이어드림 화면 프로젝트_scr_1\test\sampleLoginEduDigitalOnePass.xfdl
D:\git_prj\REQM\NTemplate\RP_104512_이어드림 화면 프로젝트_scr_1\test\sampleLoginFinCert.xfdl
D:\git_prj\REQM\NTemplate\RP_104512_이어드림 화면 프로젝트_scr_1\test\sampleLoginNPki.xfdl
D:\git_prj\REQM\NTemplate\RP_104512_이어드림 화면 프로젝트_scr_1\test\sampleLoginOnepass.xfdl
D:\git_prj\REQM\NTemplate\RP_104512_이어드림 화면 프로젝트_scr_1\test\sampleLoginSimpleAuth.xfdl
D:\git_prj\REQM\NTemplate\RP_104512_이어드림 화면 프로젝트_scr_1\test\samplemouseWheel.xfdl
D:\git_prj\REQM\NTemplate\RP_104512_이어드림 화면 프로젝트_scr_1\test\sampleOzReport.xfdl
D:\git_prj\REQM\NTemplate\RP_104512_이어드림 화면 프로젝트_scr_1\test\sampleOzReportExe.xfdl
D:\git_prj\REQM\NTemplate\RP_104512_이어드림 화면 프로젝트_scr_1\test\samplePayKcp.xfdl
D:\git_prj\REQM\NTemplate\RP_104512_이어드림 화면 프로젝트_scr_1\test\samplePopup.xfdl
D:\git_prj\REQM\NTemplate\RP_104512_이어드림 화면 프로젝트_scr_1\test\samplePopupForm.xfdl
D:\git_prj\REQM\NTemplate\RP_104512_이어드림 화면 프로젝트_scr_1\test\sampleportalMain.xfdl
D:\git_prj\REQM\NTemplate\RP_104512_이어드림 화면 프로젝트_scr_1\test\sampleQnA.xfdl
D:\git_prj\REQM\NTemplate\RP_104512_이어드림 화면 프로젝트_scr_1\test\sampleQrCode.xfdl
D:\git_prj\REQM\NTemplate\RP_104512_이어드림 화면 프로젝트_scr_1\test\sampleQrCodeCreate.xfdl
D:\git_prj\REQM\NTemplate\RP_104512_이어드림 화면 프로젝트_scr_1\test\sampleSBChart.xfdl
D:\git_prj\REQM\NTemplate\RP_104512_이어드림 화면 프로젝트_scr_1\test\sampleServerTime.xfdl
D:\git_prj\REQM\NTemplate\RP_104512_이어드림 화면 프로젝트_scr_1\test\sampleSession.xfdl
D:\git_prj\REQM\NTemplate\RP_104512_이어드림 화면 프로젝트_scr_1\test\sampleTemp04.xfdl
D:\git_prj\REQM\NTemplate\RP_104512_이어드림 화면 프로젝트_scr_1\test\sampleTemp04_bak.xfdl
D:\git_prj\REQM\NTemplate\RP_104512_이어드림 화면 프로젝트_scr_1\test\sampleTemp07.xfdl
D:\git_prj\REQM\NTemplate\RP_104512_이어드림 화면 프로젝트_scr_1\test\sampleTest01.xfdl
D:\git_prj\REQM\NTemplate\RP_104512_이어드림 화면 프로젝트_scr_1\test\sampleTracer.xfdl
D:\git_prj\REQM\NTemplate\RP_104512_이어드림 화면 프로젝트_scr_1\test\sampleTts.xfdl
D:\git_prj\REQM\NTemplate\RP_104512_이어드림 화면 프로젝트_scr_1\test\sampleVideoPlayer.xfdl
D:\git_prj\REQM\NTemplate\RP_104512_이어드림 화면 프로젝트_scr_1\test\sampleVirtualFile.xfdl
D:\git_prj\REQM\NTemplate\RP_104512_이어드림 화면 프로젝트_scr_1\test\sampleWebBrowser.xfdl
D:\git_prj\REQM\NTemplate\RP_104512_이어드림 화면 프로젝트_scr_1\test\sampleWebEditor.xfdl
D:\git_prj\REQM\NTemplate\RP_104512_이어드림 화면 프로젝트_scr_1\test\sample_callService.xfdl
D:\git_prj\REQM\NTemplate\RP_104512_이어드림 화면 프로젝트_scr_1\test\sample_changeTab.xfdl
D:\git_prj\REQM\NTemplate\RP_104512_이어드림 화면 프로젝트_scr_1\test\sample_commCode.xfdl
D:\git_prj\REQM\NTemplate\RP_104512_이어드림 화면 프로젝트_scr_1\test\sample_commpop_school.xfdl
D:\git_prj\REQM\NTemplate\RP_104512_이어드림 화면 프로젝트_scr_1\test\sample_crudForm.xfdl
D:\git_prj\REQM\NTemplate\RP_104512_이어드림 화면 프로젝트_scr_1\test\sample_crudGrid.xfdl
D:\git_prj\REQM\NTemplate\RP_104512_이어드림 화면 프로젝트_scr_1\test\sample_crudGridAndDetail.xfdl
D:\git_prj\REQM\NTemplate\RP_104512_이어드림 화면 프로젝트_scr_1\test\sample_crudGridAndEditPopup.xfdl
D:\git_prj\REQM\NTemplate\RP_104512_이어드림 화면 프로젝트_scr_1\test\sample_crudGridPage.xfdl
D:\git_prj\REQM\NTemplate\RP_104512_이어드림 화면 프로젝트_scr_1\test\sample_crudGridPopup.xfdl
D:\git_prj\REQM\NTemplate\RP_104512_이어드림 화면 프로젝트_scr_1\test\sample_formBackendValidation.xfdl
D:\git_prj\REQM\NTemplate\RP_104512_이어드림 화면 프로젝트_scr_1\test\sample_formBackendValidationCustom.xfdl
D:\git_prj\REQM\NTemplate\RP_104512_이어드림 화면 프로젝트_scr_1\test\sample_formValidation.xfdl
D:\git_prj\REQM\NTemplate\RP_104512_이어드림 화면 프로젝트_scr_1\test\sample_gridBackendValidation.xfdl
D:\git_prj\REQM\NTemplate\RP_104512_이어드림 화면 프로젝트_scr_1\test\sample_gridBackendValidationCustom.xfdl
D:\git_prj\REQM\NTemplate\RP_104512_이어드림 화면 프로젝트_scr_1\test\sample_gridMasterDetail.xfdl
D:\git_prj\REQM\NTemplate\RP_104512_이어드림 화면 프로젝트_scr_1\test\sample_gridRadioSelect.xfdl
D:\git_prj\REQM\NTemplate\RP_104512_이어드림 화면 프로젝트_scr_1\test\sample_gridValidation.xfdl
D:\git_prj\REQM\NTemplate\RP_104512_이어드림 화면 프로젝트_scr_1\test\sample_multiCallService.xfdl
D:\git_prj\REQM\NTemplate\RP_104512_이어드림 화면 프로젝트_scr_1\test\sample_popup.xfdl
D:\git_prj\REQM\NTemplate\RP_104512_이어드림 화면 프로젝트_scr_1\test\sample_popupForm.xfdl
D:\git_prj\REQM\NTemplate\RP_104512_이어드림 화면 프로젝트_scr_1\test\sample_raonKeyboardTest.xfdl
D:\git_prj\REQM\NTemplate\RP_104512_이어드림 화면 프로젝트_scr_1\test\sample_rdn_zip.xfdl
D:\git_prj\REQM\NTemplate\RP_104512_이어드림 화면 프로젝트_scr_1\test\sample_sm_script1.xfdl
D:\git_prj\REQM\NTemplate\RP_104512_이어드림 화면 프로젝트_scr_1\test\sample_sm_script2.xfdl
D:\git_prj\REQM\NTemplate\RP_104512_이어드림 화면 프로젝트_scr_1\test\sample_sm_script_grid.xfdl
D:\git_prj\REQM\NTemplate\RP_104512_이어드림 화면 프로젝트_scr_1\test\test0001.xfdl
D:\git_prj\REQM\NTemplate\RP_104512_이어드림 화면 프로젝트_scr_1\test\test001.xfdl
D:\git_prj\REQM\NTemplate\RP_104512_이어드림 화면 프로젝트_scr_1\test\test003.xfdl
D:\git_prj\REQM\NTemplate\RP_104512_이어드림 화면 프로젝트_scr_1\test\test006.xfdl
D:\git_prj\REQM\NTemplate\RP_104512_이어드림 화면 프로젝트_scr_1\test\testCOMREPORTPOP.xfdl
D:\git_prj\REQM\NTemplate\RP_104512_이어드림 화면 프로젝트_scr_1\test\testMakeXML.xfdl
D:\git_prj\REQM\NTemplate\RP_104512_이어드림 화면 프로젝트_scr_1\test\testTts.xfdl
D:\git_prj\REQM\NTemplate\RP_104512_이어드림 화면 프로젝트_scr_1\test\uds_cmmcm00_m00.xfdl
D:\git_prj\REQM\NTemplate\RP_104512_이어드림 화면 프로젝트_scr_1\test\uds_ueuum00_p00.xfdl
D:\git_prj\REQM\NTemplate\RP_104512_이어드림 화면 프로젝트_scr_1\template\accessibilityGuide.xfdl
D:\git_prj\REQM\NTemplate\RP_104512_이어드림 화면 프로젝트_scr_1\template\commpop_menu.xfdl
D:\git_prj\REQM\NTemplate\RP_104512_이어드림 화면 프로젝트_scr_1\template\commpop_noticeAll.xfdl
D:\git_prj\REQM\NTemplate\RP_104512_이어드림 화면 프로젝트_scr_1\template\commpop_sitemap.xfdl
D:\git_prj\REQM\NTemplate\RP_104512_이어드림 화면 프로젝트_scr_1\template\commpop_step.xfdl
D:\git_prj\REQM\NTemplate\RP_104512_이어드림 화면 프로젝트_scr_1\template\comm_Combo_M.xfdl
D:\git_prj\REQM\NTemplate\RP_104512_이어드림 화면 프로젝트_scr_1\template\Error01.xfdl
D:\git_prj\REQM\NTemplate\RP_104512_이어드림 화면 프로젝트_scr_1\template\Login01.xfdl
D:\git_prj\REQM\NTemplate\RP_104512_이어드림 화면 프로젝트_scr_1\template\Main01-01.xfdl
D:\git_prj\REQM\NTemplate\RP_104512_이어드림 화면 프로젝트_scr_1\template\Main01.xfdl
D:\git_prj\REQM\NTemplate\RP_104512_이어드림 화면 프로젝트_scr_1\template\Main02.xfdl
D:\git_prj\REQM\NTemplate\RP_104512_이어드림 화면 프로젝트_scr_1\template\Main03.xfdl
D:\git_prj\REQM\NTemplate\RP_104512_이어드림 화면 프로젝트_scr_1\template\Main03_01.xfdl
D:\git_prj\REQM\NTemplate\RP_104512_이어드림 화면 프로젝트_scr_1\template\Main04.xfdl
D:\git_prj\REQM\NTemplate\RP_104512_이어드림 화면 프로젝트_scr_1\template\Main05.xfdl
D:\git_prj\REQM\NTemplate\RP_104512_이어드림 화면 프로젝트_scr_1\template\Main06.xfdl
D:\git_prj\REQM\NTemplate\RP_104512_이어드림 화면 프로젝트_scr_1\template\Main07.xfdl
D:\git_prj\REQM\NTemplate\RP_104512_이어드림 화면 프로젝트_scr_1\template\Main08.xfdl
D:\git_prj\REQM\NTemplate\RP_104512_이어드림 화면 프로젝트_scr_1\template\Main09.xfdl
D:\git_prj\REQM\NTemplate\RP_104512_이어드림 화면 프로젝트_scr_1\template\Main10.xfdl
D:\git_prj\REQM\NTemplate\RP_104512_이어드림 화면 프로젝트_scr_1\template\Main10_01.xfdl
D:\git_prj\REQM\NTemplate\RP_104512_이어드림 화면 프로젝트_scr_1\template\Main11.xfdl
D:\git_prj\REQM\NTemplate\RP_104512_이어드림 화면 프로젝트_scr_1\template\Main12.xfdl
D:\git_prj\REQM\NTemplate\RP_104512_이어드림 화면 프로젝트_scr_1\template\Main13.xfdl
D:\git_prj\REQM\NTemplate\RP_104512_이어드림 화면 프로젝트_scr_1\template\Main14.xfdl
D:\git_prj\REQM\NTemplate\RP_104512_이어드림 화면 프로젝트_scr_1\template\notice1.xfdl
D:\git_prj\REQM\NTemplate\RP_104512_이어드림 화면 프로젝트_scr_1\template\notice2.xfdl
D:\git_prj\REQM\NTemplate\RP_104512_이어드림 화면 프로젝트_scr_1\template\notice3.xfdl
D:\git_prj\REQM\NTemplate\RP_104512_이어드림 화면 프로젝트_scr_1\template\noticeAll.xfdl
D:\git_prj\REQM\NTemplate\RP_104512_이어드림 화면 프로젝트_scr_1\template\policy01.xfdl
D:\git_prj\REQM\NTemplate\RP_104512_이어드림 화면 프로젝트_scr_1\template\policy02.xfdl
D:\git_prj\REQM\NTemplate\RP_104512_이어드림 화면 프로젝트_scr_1\template\policy03.xfdl
D:\git_prj\REQM\NTemplate\RP_104512_이어드림 화면 프로젝트_scr_1\template\policy04.xfdl
D:\git_prj\REQM\NTemplate\RP_104512_이어드림 화면 프로젝트_scr_1\template\policy05.xfdl
D:\git_prj\REQM\NTemplate\RP_104512_이어드림 화면 프로젝트_scr_1\template\policy06.xfdl
D:\git_prj\REQM\NTemplate\RP_104512_이어드림 화면 프로젝트_scr_1\template\policy06_01.xfdl
D:\git_prj\REQM\NTemplate\RP_104512_이어드림 화면 프로젝트_scr_1\template\policy07.xfdl
D:\git_prj\REQM\NTemplate\RP_104512_이어드림 화면 프로젝트_scr_1\template\policy07_01.xfdl
D:\git_prj\REQM\NTemplate\RP_104512_이어드림 화면 프로젝트_scr_1\template\policy10.xfdl
D:\git_prj\REQM\NTemplate\RP_104512_이어드림 화면 프로젝트_scr_1\template\Survey00_pop.xfdl
D:\git_prj\REQM\NTemplate\RP_104512_이어드림 화면 프로젝트_scr_1\template\Survey00_pop_01.xfdl
D:\git_prj\REQM\NTemplate\RP_104512_이어드림 화면 프로젝트_scr_1\template\Survey00_pop_privacy.xfdl
D:\git_prj\REQM\NTemplate\RP_104512_이어드림 화면 프로젝트_scr_1\template\Survey00_pop_privacy_01.xfdl
D:\git_prj\REQM\NTemplate\RP_104512_이어드림 화면 프로젝트_scr_1\template\Survey01-00.xfdl
D:\git_prj\REQM\NTemplate\RP_104512_이어드림 화면 프로젝트_scr_1\template\Survey01-01.xfdl
D:\git_prj\REQM\NTemplate\RP_104512_이어드림 화면 프로젝트_scr_1\template\Survey01-02.xfdl
D:\git_prj\REQM\NTemplate\RP_104512_이어드림 화면 프로젝트_scr_1\template\Survey01-03.xfdl
D:\git_prj\REQM\NTemplate\RP_104512_이어드림 화면 프로젝트_scr_1\template\Survey01-04.xfdl
D:\git_prj\REQM\NTemplate\RP_104512_이어드림 화면 프로젝트_scr_1\template\Survey01-05.xfdl
D:\git_prj\REQM\NTemplate\RP_104512_이어드림 화면 프로젝트_scr_1\template\Survey01-05A(AddressSch).xfdl
D:\git_prj\REQM\NTemplate\RP_104512_이어드림 화면 프로젝트_scr_1\template\Survey01-05A.xfdl
D:\git_prj\REQM\NTemplate\RP_104512_이어드림 화면 프로젝트_scr_1\template\Survey01-05B(키보드보안 안내팝업).xfdl
D:\git_prj\REQM\NTemplate\RP_104512_이어드림 화면 프로젝트_scr_1\template\Survey01-06.xfdl
D:\git_prj\REQM\NTemplate\RP_104512_이어드림 화면 프로젝트_scr_1\template\Survey01-07.xfdl
D:\git_prj\REQM\NTemplate\RP_104512_이어드림 화면 프로젝트_scr_1\template\Survey01-07A.xfdl
D:\git_prj\REQM\NTemplate\RP_104512_이어드림 화면 프로젝트_scr_1\template\Survey01-08.xfdl
D:\git_prj\REQM\NTemplate\RP_104512_이어드림 화면 프로젝트_scr_1\template\Survey01-09.xfdl
D:\git_prj\REQM\NTemplate\RP_104512_이어드림 화면 프로젝트_scr_1\template\Survey01-10.xfdl
D:\git_prj\REQM\NTemplate\RP_104512_이어드림 화면 프로젝트_scr_1\template\Survey01-10_copy0.xfdl
D:\git_prj\REQM\NTemplate\RP_104512_이어드림 화면 프로젝트_scr_1\template\Survey01-11.xfdl
D:\git_prj\REQM\NTemplate\RP_104512_이어드림 화면 프로젝트_scr_1\template\Survey01-12.xfdl
D:\git_prj\REQM\NTemplate\RP_104512_이어드림 화면 프로젝트_scr_1\template\Survey01-framebottom.xfdl
D:\git_prj\REQM\NTemplate\RP_104512_이어드림 화면 프로젝트_scr_1\template\Survey01-frametop.xfdl
D:\git_prj\REQM\NTemplate\RP_104512_이어드림 화면 프로젝트_scr_1\template\Survey01_(Opacity).xfdl
D:\git_prj\REQM\NTemplate\RP_104512_이어드림 화면 프로젝트_scr_1\template\Survey01_(ProgressBar).xfdl
D:\git_prj\REQM\NTemplate\RP_104512_이어드림 화면 프로젝트_scr_1\template\Survey01_language.xfdl
D:\git_prj\REQM\NTemplate\RP_104512_이어드림 화면 프로젝트_scr_1\template\Survey02-01.xfdl
D:\git_prj\REQM\NTemplate\RP_104512_이어드림 화면 프로젝트_scr_1\template\Survey02-01_copy0.xfdl
D:\git_prj\REQM\NTemplate\RP_104512_이어드림 화면 프로젝트_scr_1\template\Survey02-02.xfdl
D:\git_prj\REQM\NTemplate\RP_104512_이어드림 화면 프로젝트_scr_1\template\Survey02-02A(Number).xfdl
D:\git_prj\REQM\NTemplate\RP_104512_이어드림 화면 프로젝트_scr_1\template\Survey02-03.xfdl
D:\git_prj\REQM\NTemplate\RP_104512_이어드림 화면 프로젝트_scr_1\template\Survey02-03_1.xfdl
D:\git_prj\REQM\NTemplate\RP_104512_이어드림 화면 프로젝트_scr_1\template\Survey02-03_1_1.xfdl
D:\git_prj\REQM\NTemplate\RP_104512_이어드림 화면 프로젝트_scr_1\template\Survey02-04.xfdl
D:\git_prj\REQM\NTemplate\RP_104512_이어드림 화면 프로젝트_scr_1\template\Survey02-05.xfdl
D:\git_prj\REQM\NTemplate\RP_104512_이어드림 화면 프로젝트_scr_1\template\Survey02-06.xfdl
D:\git_prj\REQM\NTemplate\RP_104512_이어드림 화면 프로젝트_scr_1\template\Survey02-06_1.xfdl
D:\git_prj\REQM\NTemplate\RP_104512_이어드림 화면 프로젝트_scr_1\template\Survey02-07.xfdl
D:\git_prj\REQM\NTemplate\RP_104512_이어드림 화면 프로젝트_scr_1\template\Survey02-08.xfdl
D:\git_prj\REQM\NTemplate\RP_104512_이어드림 화면 프로젝트_scr_1\template\Survey02-09.xfdl
D:\git_prj\REQM\NTemplate\RP_104512_이어드림 화면 프로젝트_scr_1\template\Survey02-10.xfdl
D:\git_prj\REQM\NTemplate\RP_104512_이어드림 화면 프로젝트_scr_1\template\Survey02-10A.xfdl
D:\git_prj\REQM\NTemplate\RP_104512_이어드림 화면 프로젝트_scr_1\template\Survey02-11.xfdl
D:\git_prj\REQM\NTemplate\RP_104512_이어드림 화면 프로젝트_scr_1\template\Survey02-11A.xfdl
D:\git_prj\REQM\NTemplate\RP_104512_이어드림 화면 프로젝트_scr_1\template\Survey02-11B(AddressSch).xfdl
D:\git_prj\REQM\NTemplate\RP_104512_이어드림 화면 프로젝트_scr_1\template\Survey02-11B.xfdl
D:\git_prj\REQM\NTemplate\RP_104512_이어드림 화면 프로젝트_scr_1\template\Survey02-11C.xfdl
D:\git_prj\REQM\NTemplate\RP_104512_이어드림 화면 프로젝트_scr_1\template\Survey02-11D.xfdl
D:\git_prj\REQM\NTemplate\RP_104512_이어드림 화면 프로젝트_scr_1\template\Survey02-12.xfdl
D:\git_prj\REQM\NTemplate\RP_104512_이어드림 화면 프로젝트_scr_1\template\Survey02-12A.xfdl
D:\git_prj\REQM\NTemplate\RP_104512_이어드림 화면 프로젝트_scr_1\template\Survey02-13.xfdl
D:\git_prj\REQM\NTemplate\RP_104512_이어드림 화면 프로젝트_scr_1\template\Survey02-14-1.xfdl
D:\git_prj\REQM\NTemplate\RP_104512_이어드림 화면 프로젝트_scr_1\template\Survey02-14-2.xfdl
D:\git_prj\REQM\NTemplate\RP_104512_이어드림 화면 프로젝트_scr_1\template\Survey02-15.xfdl
D:\git_prj\REQM\NTemplate\RP_104512_이어드림 화면 프로젝트_scr_1\template\Survey02-16.xfdl
D:\git_prj\REQM\NTemplate\RP_104512_이어드림 화면 프로젝트_scr_1\template\Survey02-17.xfdl
D:\git_prj\REQM\NTemplate\RP_104512_이어드림 화면 프로젝트_scr_1\template\Survey02-frametop.xfdl
D:\git_prj\REQM\NTemplate\RP_104512_이어드림 화면 프로젝트_scr_1\template\Survey03-01.xfdl
D:\git_prj\REQM\NTemplate\RP_104512_이어드림 화면 프로젝트_scr_1\template\Survey03-02.xfdl
D:\git_prj\REQM\NTemplate\RP_104512_이어드림 화면 프로젝트_scr_1\template\Survey03-02A(Number).xfdl
D:\git_prj\REQM\NTemplate\RP_104512_이어드림 화면 프로젝트_scr_1\template\Survey03-03.xfdl
D:\git_prj\REQM\NTemplate\RP_104512_이어드림 화면 프로젝트_scr_1\template\Survey03-04.xfdl
D:\git_prj\REQM\NTemplate\RP_104512_이어드림 화면 프로젝트_scr_1\template\Survey03-05.xfdl
D:\git_prj\REQM\NTemplate\RP_104512_이어드림 화면 프로젝트_scr_1\template\Survey03-06.xfdl
D:\git_prj\REQM\NTemplate\RP_104512_이어드림 화면 프로젝트_scr_1\template\Survey03-06A.xfdl
D:\git_prj\REQM\NTemplate\RP_104512_이어드림 화면 프로젝트_scr_1\template\Survey03-07.xfdl
D:\git_prj\REQM\NTemplate\RP_104512_이어드림 화면 프로젝트_scr_1\template\Survey03-07A.xfdl
D:\git_prj\REQM\NTemplate\RP_104512_이어드림 화면 프로젝트_scr_1\template\Survey03-08.xfdl
D:\git_prj\REQM\NTemplate\RP_104512_이어드림 화면 프로젝트_scr_1\template\Survey03-09.xfdl
D:\git_prj\REQM\NTemplate\RP_104512_이어드림 화면 프로젝트_scr_1\template\Survey03-10.xfdl
D:\git_prj\REQM\NTemplate\RP_104512_이어드림 화면 프로젝트_scr_1\template\Survey03-11.xfdl
D:\git_prj\REQM\NTemplate\RP_104512_이어드림 화면 프로젝트_scr_1\template\Survey03-12.xfdl
D:\git_prj\REQM\NTemplate\RP_104512_이어드림 화면 프로젝트_scr_1\template\Survey03-13.xfdl
D:\git_prj\REQM\NTemplate\RP_104512_이어드림 화면 프로젝트_scr_1\template\Survey03-13A.xfdl
D:\git_prj\REQM\NTemplate\RP_104512_이어드림 화면 프로젝트_scr_1\template\Survey03-14.xfdl
D:\git_prj\REQM\NTemplate\RP_104512_이어드림 화면 프로젝트_scr_1\template\Survey03-15.xfdl
D:\git_prj\REQM\NTemplate\RP_104512_이어드림 화면 프로젝트_scr_1\template\Survey03-16.xfdl
D:\git_prj\REQM\NTemplate\RP_104512_이어드림 화면 프로젝트_scr_1\template\Survey03-17.xfdl
D:\git_prj\REQM\NTemplate\RP_104512_이어드림 화면 프로젝트_scr_1\template\Survey03-frametop.xfdl
D:\git_prj\REQM\NTemplate\RP_104512_이어드림 화면 프로젝트_scr_1\template\Survey04-02.xfdl
D:\git_prj\REQM\NTemplate\RP_104512_이어드림 화면 프로젝트_scr_1\template\Survey04-02A(Number).xfdl
D:\git_prj\REQM\NTemplate\RP_104512_이어드림 화면 프로젝트_scr_1\template\Survey04-03.xfdl
D:\git_prj\REQM\NTemplate\RP_104512_이어드림 화면 프로젝트_scr_1\template\Survey04-04.xfdl
D:\git_prj\REQM\NTemplate\RP_104512_이어드림 화면 프로젝트_scr_1\template\Survey04-05.xfdl
D:\git_prj\REQM\NTemplate\RP_104512_이어드림 화면 프로젝트_scr_1\template\Survey04-06.xfdl
D:\git_prj\REQM\NTemplate\RP_104512_이어드림 화면 프로젝트_scr_1\template\Survey04-07.xfdl
D:\git_prj\REQM\NTemplate\RP_104512_이어드림 화면 프로젝트_scr_1\template\Survey04-08.xfdl
D:\git_prj\REQM\NTemplate\RP_104512_이어드림 화면 프로젝트_scr_1\template\Survey04-09.xfdl
D:\git_prj\REQM\NTemplate\RP_104512_이어드림 화면 프로젝트_scr_1\template\Survey04-10.xfdl
D:\git_prj\REQM\NTemplate\RP_104512_이어드림 화면 프로젝트_scr_1\template\Survey04-10A.xfdl
D:\git_prj\REQM\NTemplate\RP_104512_이어드림 화면 프로젝트_scr_1\template\Survey04-10S.xfdl
D:\git_prj\REQM\NTemplate\RP_104512_이어드림 화면 프로젝트_scr_1\template\Survey04-11.xfdl
D:\git_prj\REQM\NTemplate\RP_104512_이어드림 화면 프로젝트_scr_1\template\Survey04-12.xfdl
D:\git_prj\REQM\NTemplate\RP_104512_이어드림 화면 프로젝트_scr_1\template\Survey04-frametop.xfdl
D:\git_prj\REQM\NTemplate\RP_104512_이어드림 화면 프로젝트_scr_1\template\Survey04_(Opacity).xfdl
D:\git_prj\REQM\NTemplate\RP_104512_이어드림 화면 프로젝트_scr_1\template\Survey04_(ProgressBar).xfdl
D:\git_prj\REQM\NTemplate\RP_104512_이어드림 화면 프로젝트_scr_1\template\Temp001.xfdl
D:\git_prj\REQM\NTemplate\RP_104512_이어드림 화면 프로젝트_scr_1\template\Temp002.xfdl
D:\git_prj\REQM\NTemplate\RP_104512_이어드림 화면 프로젝트_scr_1\template\Temp003.xfdl
D:\git_prj\REQM\NTemplate\RP_104512_이어드림 화면 프로젝트_scr_1\template\Temp004.xfdl
D:\git_prj\REQM\NTemplate\RP_104512_이어드림 화면 프로젝트_scr_1\template\Temp01.xfdl
D:\git_prj\REQM\NTemplate\RP_104512_이어드림 화면 프로젝트_scr_1\template\Temp02.xfdl
D:\git_prj\REQM\NTemplate\RP_104512_이어드림 화면 프로젝트_scr_1\template\Temp03.xfdl
D:\git_prj\REQM\NTemplate\RP_104512_이어드림 화면 프로젝트_scr_1\template\Temp04.xfdl
D:\git_prj\REQM\NTemplate\RP_104512_이어드림 화면 프로젝트_scr_1\template\Temp05.xfdl
D:\git_prj\REQM\NTemplate\RP_104512_이어드림 화면 프로젝트_scr_1\template\Temp06.xfdl
D:\git_prj\REQM\NTemplate\RP_104512_이어드림 화면 프로젝트_scr_1\template\Temp07.xfdl
D:\git_prj\REQM\NTemplate\RP_104512_이어드림 화면 프로젝트_scr_1\template\Temp08.xfdl
D:\git_prj\REQM\NTemplate\RP_104512_이어드림 화면 프로젝트_scr_1\template\Temp09.xfdl
D:\git_prj\REQM\NTemplate\RP_104512_이어드림 화면 프로젝트_scr_1\template\Temp10.xfdl
D:\git_prj\REQM\NTemplate\RP_104512_이어드림 화면 프로젝트_scr_1\template\Temp11.xfdl
D:\git_prj\REQM\NTemplate\RP_104512_이어드림 화면 프로젝트_scr_1\template\Temp12.xfdl
D:\git_prj\REQM\NTemplate\RP_104512_이어드림 화면 프로젝트_scr_1\template\Temp13.xfdl
D:\git_prj\REQM\NTemplate\RP_104512_이어드림 화면 프로젝트_scr_1\template\Temp14.xfdl
D:\git_prj\REQM\NTemplate\RP_104512_이어드림 화면 프로젝트_scr_1\template\Temp15.xfdl
D:\git_prj\REQM\NTemplate\RP_104512_이어드림 화면 프로젝트_scr_1\template\Temp15_01.xfdl
D:\git_prj\REQM\NTemplate\RP_104512_이어드림 화면 프로젝트_scr_1\template\Temp15_02.xfdl
D:\git_prj\REQM\NTemplate\RP_104512_이어드림 화면 프로젝트_scr_1\template\Temp16.xfdl
D:\git_prj\REQM\NTemplate\RP_104512_이어드림 화면 프로젝트_scr_1\template\Temp17.xfdl
D:\git_prj\REQM\NTemplate\RP_104512_이어드림 화면 프로젝트_scr_1\template\Temp17_test01.xfdl
D:\git_prj\REQM\NTemplate\RP_104512_이어드림 화면 프로젝트_scr_1\template\Temp18.xfdl
D:\git_prj\REQM\NTemplate\RP_104512_이어드림 화면 프로젝트_scr_1\template\Temp19.xfdl
D:\git_prj\REQM\NTemplate\RP_104512_이어드림 화면 프로젝트_scr_1\template\Temp20.xfdl
D:\git_prj\REQM\NTemplate\RP_104512_이어드림 화면 프로젝트_scr_1\template\Temp21.xfdl
D:\git_prj\REQM\NTemplate\RP_104512_이어드림 화면 프로젝트_scr_1\template\Temp22.xfdl
D:\git_prj\REQM\NTemplate\RP_104512_이어드림 화면 프로젝트_scr_1\template\Temp23.xfdl
D:\git_prj\REQM\NTemplate\RP_104512_이어드림 화면 프로젝트_scr_1\template\Temp24.xfdl
D:\git_prj\REQM\NTemplate\RP_104512_이어드림 화면 프로젝트_scr_1\template\Temp25.xfdl
D:\git_prj\REQM\NTemplate\RP_104512_이어드림 화면 프로젝트_scr_1\template\Temp26.xfdl
D:\git_prj\REQM\NTemplate\RP_104512_이어드림 화면 프로젝트_scr_1\template\Temp27.xfdl
D:\git_prj\REQM\NTemplate\RP_104512_이어드림 화면 프로젝트_scr_1\template\Temp28.xfdl
D:\git_prj\REQM\NTemplate\RP_104512_이어드림 화면 프로젝트_scr_1\template\Temp29.xfdl
D:\git_prj\REQM\NTemplate\RP_104512_이어드림 화면 프로젝트_scr_1\template\Temp30.xfdl
D:\git_prj\REQM\NTemplate\RP_104512_이어드림 화면 프로젝트_scr_1\template\Temp31.xfdl
D:\git_prj\REQM\NTemplate\RP_104512_이어드림 화면 프로젝트_scr_1\template\Temp32.xfdl
D:\git_prj\REQM\NTemplate\RP_104512_이어드림 화면 프로젝트_scr_1\template\Temp33.xfdl
D:\git_prj\REQM\NTemplate\RP_104512_이어드림 화면 프로젝트_scr_1\template\Temp34.xfdl
D:\git_prj\REQM\NTemplate\RP_104512_이어드림 화면 프로젝트_scr_1\template\Temp35.xfdl
D:\git_prj\REQM\NTemplate\RP_104512_이어드림 화면 프로젝트_scr_1\template\Temp36.xfdl
D:\git_prj\REQM\NTemplate\RP_104512_이어드림 화면 프로젝트_scr_1\template\Temp37.xfdl
D:\git_prj\REQM\NTemplate\RP_104512_이어드림 화면 프로젝트_scr_1\template\Temp38.xfdl
D:\git_prj\REQM\NTemplate\RP_104512_이어드림 화면 프로젝트_scr_1\template\Temp39.xfdl
D:\git_prj\REQM\NTemplate\RP_104512_이어드림 화면 프로젝트_scr_1\template\Temp39_01.xfdl
D:\git_prj\REQM\NTemplate\RP_104512_이어드림 화면 프로젝트_scr_1\template\Temp40.xfdl
D:\git_prj\REQM\NTemplate\RP_104512_이어드림 화면 프로젝트_scr_1\template\Temp41.xfdl
D:\git_prj\REQM\NTemplate\RP_104512_이어드림 화면 프로젝트_scr_1\template\Temp42.xfdl
D:\git_prj\REQM\NTemplate\RP_104512_이어드림 화면 프로젝트_scr_1\template\Temp43.xfdl
D:\git_prj\REQM\NTemplate\RP_104512_이어드림 화면 프로젝트_scr_1\template\Temp44.xfdl
D:\git_prj\REQM\NTemplate\RP_104512_이어드림 화면 프로젝트_scr_1\template\Temp45.xfdl
D:\git_prj\REQM\NTemplate\RP_104512_이어드림 화면 프로젝트_scr_1\template\Temp46.xfdl
D:\git_prj\REQM\NTemplate\RP_104512_이어드림 화면 프로젝트_scr_1\template\Temp47.xfdl
D:\git_prj\REQM\NTemplate\RP_104512_이어드림 화면 프로젝트_scr_1\template\Temp48.xfdl
D:\git_prj\REQM\NTemplate\RP_104512_이어드림 화면 프로젝트_scr_1\template\Temp49.xfdl
D:\git_prj\REQM\NTemplate\RP_104512_이어드림 화면 프로젝트_scr_1\template\Temp50.xfdl
D:\git_prj\REQM\NTemplate\RP_104512_이어드림 화면 프로젝트_scr_1\template\Temp51.xfdl
D:\git_prj\REQM\NTemplate\RP_104512_이어드림 화면 프로젝트_scr_1\template\Temp52.xfdl
D:\git_prj\REQM\NTemplate\RP_104512_이어드림 화면 프로젝트_scr_1\template\Temp53.xfdl
D:\git_prj\REQM\NTemplate\RP_104512_이어드림 화면 프로젝트_scr_1\template\Temp54.xfdl
D:\git_prj\REQM\NTemplate\RP_104512_이어드림 화면 프로젝트_scr_1\template\Temp55.xfdl
D:\git_prj\REQM\NTemplate\RP_104512_이어드림 화면 프로젝트_scr_1\template\Temp56.xfdl
D:\git_prj\REQM\NTemplate\RP_104512_이어드림 화면 프로젝트_scr_1\template\Temp57.xfdl
D:\git_prj\REQM\NTemplate\RP_104512_이어드림 화면 프로젝트_scr_1\template\Temp58.xfdl
D:\git_prj\REQM\NTemplate\RP_104512_이어드림 화면 프로젝트_scr_1\template\Temp59.xfdl
D:\git_prj\REQM\NTemplate\RP_104512_이어드림 화면 프로젝트_scr_1\template\Temp60.xfdl
D:\git_prj\REQM\NTemplate\RP_104512_이어드림 화면 프로젝트_scr_1\template\Temp61.xfdl
D:\git_prj\REQM\NTemplate\RP_104512_이어드림 화면 프로젝트_scr_1\template\Temp62.xfdl
D:\git_prj\REQM\NTemplate\RP_104512_이어드림 화면 프로젝트_scr_1\template\Temp63.xfdl
D:\git_prj\REQM\NTemplate\RP_104512_이어드림 화면 프로젝트_scr_1\template\Temp64.xfdl
D:\git_prj\REQM\NTemplate\RP_104512_이어드림 화면 프로젝트_scr_1\template\Temp65.xfdl
D:\git_prj\REQM\NTemplate\RP_104512_이어드림 화면 프로젝트_scr_1\template\Temp66.xfdl
D:\git_prj\REQM\NTemplate\RP_104512_이어드림 화면 프로젝트_scr_1\template\Temp67.xfdl
D:\git_prj\REQM\NTemplate\RP_104512_이어드림 화면 프로젝트_scr_1\template\Temp68.xfdl
D:\git_prj\REQM\NTemplate\RP_104512_이어드림 화면 프로젝트_scr_1\template\Temp69_01_LoginNotice.xfdl
D:\git_prj\REQM\NTemplate\RP_104512_이어드림 화면 프로젝트_scr_1\template\Temp69_02_LoginNotice.xfdl
D:\git_prj\REQM\NTemplate\RP_104512_이어드림 화면 프로젝트_scr_1\template\Temp69_03_LoginNotice.xfdl
D:\git_prj\REQM\NTemplate\RP_104512_이어드림 화면 프로젝트_scr_1\template\Temp70_Login01.xfdl
D:\git_prj\REQM\NTemplate\RP_104512_이어드림 화면 프로젝트_scr_1\template\Temp71_Login02.xfdl
D:\git_prj\REQM\NTemplate\RP_104512_이어드림 화면 프로젝트_scr_1\template\Temp72_Login03_01.xfdl
D:\git_prj\REQM\NTemplate\RP_104512_이어드림 화면 프로젝트_scr_1\template\Temp73_Login03_01_2.xfdl
D:\git_prj\REQM\NTemplate\RP_104512_이어드림 화면 프로젝트_scr_1\template\Temp74_Login03_02.xfdl
D:\git_prj\REQM\NTemplate\RP_104512_이어드림 화면 프로젝트_scr_1\template\Temp75_Login03_04.xfdl
D:\git_prj\REQM\NTemplate\RP_104512_이어드림 화면 프로젝트_scr_1\template\Temp76_Login03_04_2.xfdl
D:\git_prj\REQM\NTemplate\RP_104512_이어드림 화면 프로젝트_scr_1\template\Temp77_Login04.xfdl
D:\git_prj\REQM\NTemplate\RP_104512_이어드림 화면 프로젝트_scr_1\template\Temp78_Login05.xfdl
D:\git_prj\REQM\NTemplate\RP_104512_이어드림 화면 프로젝트_scr_1\template\Temp79_Login06_01.xfdl
D:\git_prj\REQM\NTemplate\RP_104512_이어드림 화면 프로젝트_scr_1\template\Temp80_Login06_02.xfdl
D:\git_prj\REQM\NTemplate\RP_104512_이어드림 화면 프로젝트_scr_1\template\Temp81_Login06_03.xfdl
D:\git_prj\REQM\NTemplate\RP_104512_이어드림 화면 프로젝트_scr_1\template\Temp82_Login07_01.xfdl
D:\git_prj\REQM\NTemplate\RP_104512_이어드림 화면 프로젝트_scr_1\template\Temp82_Login07_02.xfdl
D:\git_prj\REQM\NTemplate\RP_104512_이어드림 화면 프로젝트_scr_1\template\Temp83.xfdl
D:\git_prj\REQM\NTemplate\RP_104512_이어드림 화면 프로젝트_scr_1\template\Temp83_frameCounsel.xfdl
D:\git_prj\REQM\NTemplate\RP_104512_이어드림 화면 프로젝트_scr_1\template\Temp84.xfdl
D:\git_prj\REQM\NTemplate\RP_104512_이어드림 화면 프로젝트_scr_1\template\Temp85.xfdl
D:\git_prj\REQM\NTemplate\RP_104512_이어드림 화면 프로젝트_scr_1\template\Temp85_2.xfdl
D:\git_prj\REQM\NTemplate\RP_104512_이어드림 화면 프로젝트_scr_1\template\Temp86.xfdl
D:\git_prj\REQM\NTemplate\RP_104512_이어드림 화면 프로젝트_scr_1\template\Temp87.xfdl
D:\git_prj\REQM\NTemplate\RP_104512_이어드림 화면 프로젝트_scr_1\template\Temp88.xfdl
D:\git_prj\REQM\NTemplate\RP_104512_이어드림 화면 프로젝트_scr_1\template\Temp89.xfdl
D:\git_prj\REQM\NTemplate\RP_104512_이어드림 화면 프로젝트_scr_1\template\Temp90.xfdl
D:\git_prj\REQM\NTemplate\RP_104512_이어드림 화면 프로젝트_scr_1\template\Temp91.xfdl
D:\git_prj\REQM\NTemplate\RP_104512_이어드림 화면 프로젝트_scr_1\template\Temp92.xfdl
D:\git_prj\REQM\NTemplate\RP_104512_이어드림 화면 프로젝트_scr_1\template\Temp93-01.xfdl
D:\git_prj\REQM\NTemplate\RP_104512_이어드림 화면 프로젝트_scr_1\template\Temp93-02_1.xfdl
D:\git_prj\REQM\NTemplate\RP_104512_이어드림 화면 프로젝트_scr_1\template\Temp93-02_2.xfdl
D:\git_prj\REQM\NTemplate\RP_104512_이어드림 화면 프로젝트_scr_1\template\temp933-1.xfdl
D:\git_prj\REQM\NTemplate\RP_104512_이어드림 화면 프로젝트_scr_1\template\Unused\Survey01-01.xfdl
D:\git_prj\REQM\NTemplate\RP_104512_이어드림 화면 프로젝트_scr_1\template\Unused\Survey01-02.xfdl
D:\git_prj\REQM\NTemplate\RP_104512_이어드림 화면 프로젝트_scr_1\template\Unused\Survey01-03.xfdl
D:\git_prj\REQM\NTemplate\RP_104512_이어드림 화면 프로젝트_scr_1\template\Unused\Survey01-04.xfdl
D:\git_prj\REQM\NTemplate\RP_104512_이어드림 화면 프로젝트_scr_1\template\Unused\Survey01-05(AddressSch).xfdl
D:\git_prj\REQM\NTemplate\RP_104512_이어드림 화면 프로젝트_scr_1\template\Unused\Survey01-05.xfdl
D:\git_prj\REQM\NTemplate\RP_104512_이어드림 화면 프로젝트_scr_1\template\Unused\Survey01-06.xfdl
D:\git_prj\REQM\NTemplate\RP_104512_이어드림 화면 프로젝트_scr_1\template\Unused\Survey01-07.xfdl
D:\git_prj\REQM\NTemplate\RP_104512_이어드림 화면 프로젝트_scr_1\template\Unused\Survey01-07_ProgressBar.xfdl
D:\git_prj\REQM\NTemplate\RP_104512_이어드림 화면 프로젝트_scr_1\template\Unused\Survey01-07_TransparentSet.xfdl
D:\git_prj\REQM\NTemplate\RP_104512_이어드림 화면 프로젝트_scr_1\template\Unused\Survey01-08A.xfdl
D:\git_prj\REQM\NTemplate\RP_104512_이어드림 화면 프로젝트_scr_1\template\Unused\Survey01-08B.xfdl
D:\git_prj\REQM\NTemplate\RP_104512_이어드림 화면 프로젝트_scr_1\template\Unused\Survey01-09.xfdl
D:\git_prj\REQM\NTemplate\RP_104512_이어드림 화면 프로젝트_scr_1\template\Unused\Survey01-10.xfdl
D:\git_prj\REQM\NTemplate\RP_104512_이어드림 화면 프로젝트_scr_1\template\Unused\Survey01-11.xfdl
D:\git_prj\REQM\NTemplate\RP_104512_이어드림 화면 프로젝트_scr_1\template\Unused\Survey01-12.xfdl
D:\git_prj\REQM\NTemplate\RP_104512_이어드림 화면 프로젝트_scr_1\template\Unused\Survey02-01.xfdl
D:\git_prj\REQM\NTemplate\RP_104512_이어드림 화면 프로젝트_scr_1\template\Unused\Survey02-01A.xfdl
D:\git_prj\REQM\NTemplate\RP_104512_이어드림 화면 프로젝트_scr_1\template\Unused\Survey02-02.xfdl
D:\git_prj\REQM\NTemplate\RP_104512_이어드림 화면 프로젝트_scr_1\template\Unused\Survey02-03.xfdl
D:\git_prj\REQM\NTemplate\RP_104512_이어드림 화면 프로젝트_scr_1\template\Unused\Survey02-03_copy0.xfdl
D:\git_prj\REQM\NTemplate\RP_104512_이어드림 화면 프로젝트_scr_1\template\Unused\Survey02-04.xfdl
D:\git_prj\REQM\NTemplate\RP_104512_이어드림 화면 프로젝트_scr_1\template\Unused\Survey02-05.xfdl
D:\git_prj\REQM\NTemplate\RP_104512_이어드림 화면 프로젝트_scr_1\template\Unused\Survey02-06.xfdl
D:\git_prj\REQM\NTemplate\RP_104512_이어드림 화면 프로젝트_scr_1\template\Unused\Survey02-07.xfdl
D:\git_prj\REQM\NTemplate\RP_104512_이어드림 화면 프로젝트_scr_1\template\Unused\Survey02-08.xfdl
D:\git_prj\REQM\NTemplate\RP_104512_이어드림 화면 프로젝트_scr_1\template\Unused\Survey02-09.xfdl
D:\git_prj\REQM\NTemplate\RP_104512_이어드림 화면 프로젝트_scr_1\template\Unused\Survey02-10.xfdl
D:\git_prj\REQM\NTemplate\RP_104512_이어드림 화면 프로젝트_scr_1\template\Unused\Survey02-11(testguide).xfdl
D:\git_prj\REQM\NTemplate\RP_104512_이어드림 화면 프로젝트_scr_1\template\Unused\Survey02-11.xfdl
D:\git_prj\REQM\NTemplate\RP_104512_이어드림 화면 프로젝트_scr_1\template\Unused\Survey02-12.xfdl
D:\git_prj\REQM\NTemplate\RP_104512_이어드림 화면 프로젝트_scr_1\template\Unused\Survey02-13.xfdl
D:\git_prj\REQM\NTemplate\RP_104512_이어드림 화면 프로젝트_scr_1\guide\mobile_pas\Guide_01.xfdl
D:\git_prj\REQM\NTemplate\RP_104512_이어드림 화면 프로젝트_scr_1\guide\mobile_pas\Guide_06.xfdl
D:\git_prj\REQM\NTemplate\RP_104512_이어드림 화면 프로젝트_scr_1\guide\mobile_pas\Guide_09.xfdl
D:\git_prj\REQM\NTemplate\RP_104512_이어드림 화면 프로젝트_scr_1\guide\pc\Component01.xfdl
D:\git_prj\REQM\NTemplate\RP_104512_이어드림 화면 프로젝트_scr_1\guide\pc\Component02.xfdl
D:\git_prj\REQM\NTemplate\RP_104512_이어드림 화면 프로젝트_scr_1\guide\pc\Component03.xfdl
D:\git_prj\REQM\NTemplate\RP_104512_이어드림 화면 프로젝트_scr_1\guide\pc\Component04.xfdl
D:\git_prj\REQM\NTemplate\RP_104512_이어드림 화면 프로젝트_scr_1\guide\pc\Component05.xfdl
D:\git_prj\REQM\NTemplate\RP_104512_이어드림 화면 프로젝트_scr_1\guide\pc\Component06.xfdl
D:\git_prj\REQM\NTemplate\RP_104512_이어드림 화면 프로젝트_scr_1\guide\pc\Component07.xfdl
D:\git_prj\REQM\NTemplate\RP_104512_이어드림 화면 프로젝트_scr_1\guide\mobile\Component01.xfdl
D:\git_prj\REQM\NTemplate\RP_104512_이어드림 화면 프로젝트_scr_1\guide\mobile\Component02.xfdl
D:\git_prj\REQM\NTemplate\RP_104512_이어드림 화면 프로젝트_scr_1\guide\mobile\Component03.xfdl
D:\git_prj\REQM\NTemplate\RP_104512_이어드림 화면 프로젝트_scr_1\guide\mobile\Component04.xfdl
D:\git_prj\REQM\NTemplate\RP_104512_이어드림 화면 프로젝트_scr_1\guide\mobile\Component05.xfdl
D:\git_prj\REQM\NTemplate\RP_104512_이어드림 화면 프로젝트_scr_1\guide\pc_pas\frameTop.xfdl
D:\git_prj\REQM\NTemplate\RP_104512_이어드림 화면 프로젝트_scr_1\guide\pc_pas\Guide_06.xfdl
D:\git_prj\REQM\NTemplate\RP_104512_이어드림 화면 프로젝트_scr_1\guide\pc_pas\Guide_08.xfdl
D:\git_prj\REQM\NTemplate\RP_104512_이어드림 화면 프로젝트_scr_1\guide\pc_pas\test.xfdl
D:\git_prj\REQM\NTemplate\RP_104512_이어드림 화면 프로젝트_scr_1\guide\pc\etc\DoubleCalendar.xfdl
D:\git_prj\REQM\NTemplate\RP_104512_이어드림 화면 프로젝트_scr_1\guide\pc\etc\MonthCalendar.xfdl
D:\git_prj\REQM\NTemplate\RP_104512_이어드림 화면 프로젝트_scr_1\guide\pc\etc\MultiCombo.xfdl
D:\git_prj\REQM\NTemplate\RP_104512_이어드림 화면 프로젝트_scr_1\guide\pc\etc\Temp01.xfdl
D:\git_prj\REQM\NTemplate\RP_104512_이어드림 화면 프로젝트_scr_1\guide\pc\etc\Temp011.xfdl
D:\git_prj\REQM\NTemplate\RP_104512_이어드림 화면 프로젝트_scr_1\guide\pc\etc\Temp02.xfdl
D:\git_prj\REQM\NTemplate\RP_104512_이어드림 화면 프로젝트_scr_1\guide\pc\etc\Temp022.xfdl
D:\git_prj\REQM\NTemplate\RP_104512_이어드림 화면 프로젝트_scr_1\guide\pc\etc\Temp03.xfdl
D:\git_prj\REQM\NTemplate\RP_104512_이어드림 화면 프로젝트_scr_1\guide\pc\etc\Temp04.xfdl
D:\git_prj\REQM\NTemplate\RP_104512_이어드림 화면 프로젝트_scr_1\guide\pc\etc\Temp05.xfdl
D:\git_prj\REQM\NTemplate\RP_104512_이어드림 화면 프로젝트_scr_1\guide\pc\etc\Temp06.xfdl
D:\git_prj\REQM\NTemplate\RP_104512_이어드림 화면 프로젝트_scr_1\guide\pc\etc\Temp07.xfdl
D:\git_prj\REQM\NTemplate\RP_104512_이어드림 화면 프로젝트_scr_1\guide\pc\etc\Temp08.xfdl
D:\git_prj\REQM\NTemplate\RP_104512_이어드림 화면 프로젝트_scr_1\guide\pc\etc\Temp09.xfdl
D:\git_prj\REQM\NTemplate\RP_104512_이어드림 화면 프로젝트_scr_1\guide\pc\etc\Temp10.xfdl
D:\git_prj\REQM\NTemplate\RP_104512_이어드림 화면 프로젝트_scr_1\guide\pc\etc\Temp11.xfdl
D:\git_prj\REQM\NTemplate\RP_104512_이어드림 화면 프로젝트_scr_1\guide\pc\etc\Temp12.xfdl
D:\git_prj\REQM\NTemplate\RP_104512_이어드림 화면 프로젝트_scr_1\guide\pc\etc\Temp13.xfdl
D:\git_prj\REQM\NTemplate\RP_104512_이어드림 화면 프로젝트_scr_1\guide\pc\etc\Temp14.xfdl
D:\git_prj\REQM\NTemplate\RP_104512_이어드림 화면 프로젝트_scr_1\edu\pa\scr\cmm\cm\commNotice01P.xfdl
D:\git_prj\REQM\NTemplate\RP_104512_이어드림 화면 프로젝트_scr_1\edu\pa\scr\cmm\cm\commNotice02P.xfdl
D:\git_prj\REQM\NTemplate\RP_104512_이어드림 화면 프로젝트_scr_1\edu\pa\scr\cmm\cm\commNotice03P.xfdl
D:\git_prj\REQM\NTemplate\RP_104512_이어드림 화면 프로젝트_scr_1\edu\pa\scr\cmm\cm\commNoticeAll.xfdl
D:\git_prj\REQM\NTemplate\RP_104512_이어드림 화면 프로젝트_scr_1\edu\pa\scr\cmm\cm\commStep.xfdl
D:\git_prj\REQM\NTemplate\RP_104512_이어드림 화면 프로젝트_scr_1\edu\pa\scr\cmm\cm\commStepNotice.xfdl
D:\git_prj\REQM\NTemplate\RP_104512_이어드림 화면 프로젝트_scr_1\edu\pa\scr\cmm\cm\scr_comm_ending.xfdl
D:\git_prj\REQM\NTemplate\RP_104512_이어드림 화면 프로젝트_scr_1\edu\pa\scr\cmm\cm\scr_comm_extend.xfdl
D:\git_prj\REQM\NTemplate\RP_104512_이어드림 화면 프로젝트_scr_1\edu\pa\scr\cmm\cm\scr_guide00.xfdl
D:\git_prj\REQM\NTemplate\RP_104512_이어드림 화면 프로젝트_scr_1\edu\pa\scr\cmm\cm\scr_guide01.xfdl
D:\git_prj\REQM\NTemplate\RP_104512_이어드림 화면 프로젝트_scr_1\edu\pa\scr\cmm\cm\scr_guide02.xfdl
D:\git_prj\REQM\NTemplate\RP_104512_이어드림 화면 프로젝트_scr_1\edu\pa\scr\cmm\cm\scr_guide03.xfdl
D:\git_prj\REQM\NTemplate\RP_104512_이어드림 화면 프로젝트_scr_1\edu\pa\scr\cmm\cm\design_scr\commNotice01P.xfdl
D:\git_prj\REQM\NTemplate\RP_104512_이어드림 화면 프로젝트_scr_1\edu\pa\scr\cmm\cm\design_scr\commNotice02P.xfdl
D:\git_prj\REQM\NTemplate\RP_104512_이어드림 화면 프로젝트_scr_1\edu\pa\scr\cmm\cm\design_scr\commNotice03P.xfdl
D:\git_prj\REQM\NTemplate\RP_104512_이어드림 화면 프로젝트_scr_1\edu\pa\scr\cmm\cm\design_scr\commNoticeAll.xfdl
D:\git_prj\REQM\NTemplate\RP_104512_이어드림 화면 프로젝트_scr_1\edu\pa\scr\cmm\cm\design_scr\comm_calendar.xfdl
D:\git_prj\REQM\NTemplate\RP_104512_이어드림 화면 프로젝트_scr_1\edu\pa\scr\cmm\cm\design_scr\comm_divScheduleScr.xfdl
D:\git_prj\REQM\NTemplate\RP_104512_이어드림 화면 프로젝트_scr_1\edu\pa\scr\cmm\cm\design_scr\comm_divScheduleScr2.xfdl
D:\git_prj\REQM\NTemplate\RP_104512_이어드림 화면 프로젝트_scr_1\edu\pa\scr\cmm\cm\design_scr\Form_Bottom.xfdl
D:\git_prj\REQM\NTemplate\RP_104512_이어드림 화면 프로젝트_scr_1\edu\pa\scr\cmm\cm\design_scr\Form_Head.xfdl
D:\git_prj\REQM\NTemplate\RP_104512_이어드림 화면 프로젝트_scr_1\edu\pa\scr\cmm\cm\design_scr\Form_HeadStatic.xfdl
D:\git_prj\REQM\NTemplate\RP_104512_이어드림 화면 프로젝트_scr_1\edu\pa\scr\cmm\cm\design_scr\Form_MainImg.xfdl
D:\git_prj\REQM\NTemplate\RP_104512_이어드림 화면 프로젝트_scr_1\edu\pa\scr\cmm\cm\design_scr\Form_Menu.xfdl
D:\git_prj\REQM\NTemplate\RP_104512_이어드림 화면 프로젝트_scr_1\edu\pa\scr\cmm\cm\design_scr\Form_MyInfo.xfdl
D:\git_prj\REQM\NTemplate\RP_104512_이어드림 화면 프로젝트_scr_1\edu\pa\scr\cmm\cm\design_scr\Form_PopAlert.xfdl
D:\git_prj\REQM\NTemplate\RP_104512_이어드림 화면 프로젝트_scr_1\edu\pa\scr\cmm\cm\design_scr\Form_PopConfirm.xfdl
D:\git_prj\REQM\NTemplate\RP_104512_이어드림 화면 프로젝트_scr_1\edu\pa\scr\cmm\cm\design_scr\Form_PopSystem01.xfdl
D:\git_prj\REQM\NTemplate\RP_104512_이어드림 화면 프로젝트_scr_1\edu\pa\scr\cmm\cm\design_scr\Form_PopSystem02.xfdl
D:\git_prj\REQM\NTemplate\RP_104512_이어드림 화면 프로젝트_scr_1\edu\pa\scr\cmm\cm\design_scr\Form_Search.xfdl
D:\git_prj\REQM\NTemplate\RP_104512_이어드림 화면 프로젝트_scr_1\edu\pa\scr\cmm\cm\design_scr\Form_Top.xfdl
D:\git_prj\REQM\NTemplate\RP_104512_이어드림 화면 프로젝트_scr_1\edu\pa\scr\cmm\cm\design_scr\Form_Work.xfdl
D:\git_prj\REQM\NTemplate\RP_104512_이어드림 화면 프로젝트_scr_1\edu\pa\scr\cmm\cm\design_scr\scr_btbfq00_m00.xfdl
D:\git_prj\REQM\NTemplate\RP_104512_이어드림 화면 프로젝트_scr_1\edu\pa\scr\cmm\cm\design_scr\scr_btbfq00_m01.xfdl
D:\git_prj\REQM\NTemplate\RP_104512_이어드림 화면 프로젝트_scr_1\edu\pa\scr\cmm\cm\design_scr\scr_btbfq00_m02.xfdl
D:\git_prj\REQM\NTemplate\RP_104512_이어드림 화면 프로젝트_scr_1\edu\pa\scr\cmm\cm\design_scr\scr_btbfq00_m03.xfdl
D:\git_prj\REQM\NTemplate\RP_104512_이어드림 화면 프로젝트_scr_1\edu\pa\scr\cmm\cm\design_scr\scr_btbfq00_m03Div.xfdl
D:\git_prj\REQM\NTemplate\RP_104512_이어드림 화면 프로젝트_scr_1\edu\pa\scr\cmm\cm\design_scr\scr_btbnt00_m00.xfdl
D:\git_prj\REQM\NTemplate\RP_104512_이어드림 화면 프로젝트_scr_1\edu\pa\scr\cmm\cm\design_scr\scr_btbnt00_m01.xfdl
D:\git_prj\REQM\NTemplate\RP_104512_이어드림 화면 프로젝트_scr_1\edu\pa\scr\cmm\cm\design_scr\scr_btbnt00_m02.xfdl
D:\git_prj\REQM\NTemplate\RP_104512_이어드림 화면 프로젝트_scr_1\edu\pa\scr\cmm\cm\design_scr\scr_btbnt00_m03.xfdl
D:\git_prj\REQM\NTemplate\RP_104512_이어드림 화면 프로젝트_scr_1\edu\pa\scr\cmm\cm\design_scr\scr_btbnt00_m04.xfdl
D:\git_prj\REQM\NTemplate\RP_104512_이어드림 화면 프로젝트_scr_1\edu\pa\scr\cmm\cm\design_scr\scr_btbnt00_m04Div.xfdl
D:\git_prj\REQM\NTemplate\RP_104512_이어드림 화면 프로젝트_scr_1\edu\pa\scr\cmm\cm\design_scr\scr_ctrcr00_m00.xfdl
D:\git_prj\REQM\NTemplate\RP_104512_이어드림 화면 프로젝트_scr_1\edu\pa\scr\cmm\cm\design_scr\scr_ctrcr00_m00Div.xfdl
D:\git_prj\REQM\NTemplate\RP_104512_이어드림 화면 프로젝트_scr_1\edu\pa\scr\cmm\cm\design_scr\scr_ctrcr00_p00.xfdl
D:\git_prj\REQM\NTemplate\RP_104512_이어드림 화면 프로젝트_scr_1\edu\pa\scr\cmm\cm\design_scr\scr_ctrcr00_p01_01.xfdl
D:\git_prj\REQM\NTemplate\RP_104512_이어드림 화면 프로젝트_scr_1\edu\pa\scr\cmm\cm\design_scr\scr_ctrcr00_p01_02.xfdl
D:\git_prj\REQM\NTemplate\RP_104512_이어드림 화면 프로젝트_scr_1\edu\pa\scr\cmm\cm\design_scr\scr_ctrir00_m00.xfdl
D:\git_prj\REQM\NTemplate\RP_104512_이어드림 화면 프로젝트_scr_1\edu\pa\scr\cmm\cm\design_scr\scr_ctrir00_m00Div.xfdl
D:\git_prj\REQM\NTemplate\RP_104512_이어드림 화면 프로젝트_scr_1\edu\pa\scr\cmm\cm\design_scr\scr_ctroc00_m00.xfdl
D:\git_prj\REQM\NTemplate\RP_104512_이어드림 화면 프로젝트_scr_1\edu\pa\scr\cmm\cm\design_scr\scr_ctroc00_m00Div.xfdl
D:\git_prj\REQM\NTemplate\RP_104512_이어드림 화면 프로젝트_scr_1\edu\pa\scr\cmm\cm\design_scr\scr_guide00.xfdl
D:\git_prj\REQM\NTemplate\RP_104512_이어드림 화면 프로젝트_scr_1\edu\pa\scr\cmm\cm\design_scr\scr_guide01.xfdl
D:\git_prj\REQM\NTemplate\RP_104512_이어드림 화면 프로젝트_scr_1\edu\pa\scr\cmm\cm\design_scr\scr_guide02.xfdl
D:\git_prj\REQM\NTemplate\RP_104512_이어드림 화면 프로젝트_scr_1\edu\pa\scr\cmm\cm\design_scr\scr_guide03.xfdl
D:\git_prj\REQM\NTemplate\RP_104512_이어드림 화면 프로젝트_scr_1\edu\pa\scr\cmm\cm\design_scr\scr_mpgmv00_m00.xfdl
D:\git_prj\REQM\NTemplate\RP_104512_이어드림 화면 프로젝트_scr_1\edu\pa\scr\cmm\cm\design_scr\scr_mpgmv01_m00.xfdl
D:\git_prj\REQM\NTemplate\RP_104512_이어드림 화면 프로젝트_scr_1\edu\pa\scr\cmm\cm\design_scr\scr_mpgmv01_m01.xfdl
D:\git_prj\REQM\NTemplate\RP_104512_이어드림 화면 프로젝트_scr_1\edu\pa\scr\cmm\cm\design_scr\scr_mpgmv01_m02.xfdl
D:\git_prj\REQM\NTemplate\RP_104512_이어드림 화면 프로젝트_scr_1\edu\pa\scr\cmm\cm\design_scr\scr_mpgmv02_m00.xfdl
D:\git_prj\REQM\NTemplate\RP_104512_이어드림 화면 프로젝트_scr_1\edu\pa\scr\cmm\cm\design_scr\scr_mpgmv02_m01.xfdl
D:\git_prj\REQM\NTemplate\RP_104512_이어드림 화면 프로젝트_scr_1\edu\pa\scr\cmm\cm\design_scr\scr_mpgmv02_m02.xfdl
D:\git_prj\REQM\NTemplate\RP_104512_이어드림 화면 프로젝트_scr_1\edu\pa\scr\cmm\cm\design_scr\scr_mricl00_m00.xfdl
D:\git_prj\REQM\NTemplate\RP_104512_이어드림 화면 프로젝트_scr_1\edu\pa\scr\cmm\cm\design_scr\scr_mricl00_m01.xfdl
D:\git_prj\REQM\NTemplate\RP_104512_이어드림 화면 프로젝트_scr_1\edu\pa\scr\cmm\cm\design_scr\scr_mricl00_m01Div.xfdl
D:\git_prj\REQM\NTemplate\RP_104512_이어드림 화면 프로젝트_scr_1\edu\pa\scr\cmm\cm\design_scr\scr_mricl01_m00.xfdl
D:\git_prj\REQM\NTemplate\RP_104512_이어드림 화면 프로젝트_scr_1\edu\pa\scr\cmm\cm\design_scr\scr_mricl01_m01.xfdl
D:\git_prj\REQM\NTemplate\RP_104512_이어드림 화면 프로젝트_scr_1\edu\pa\scr\cmm\cm\design_scr\scr_mricl01_m01Div.xfdl
D:\git_prj\REQM\NTemplate\RP_104512_이어드림 화면 프로젝트_scr_1\edu\pa\scr\cmm\cm\design_scr\scr_mricl02_m00.xfdl
D:\git_prj\REQM\NTemplate\RP_104512_이어드림 화면 프로젝트_scr_1\edu\pa\scr\cmm\cm\design_scr\scr_mricl02_m01.xfdl
