06-Feb-2026 10:51:48.868 정보 [main] org.apache.catalina.core.ApplicationContext.log ContextListener: contextInitialized()
06-Feb-2026 10:51:48.868 정보 [main] org.apache.catalina.core.ApplicationContext.log SessionListener: contextInitialized()
06-Feb-2026 10:51:48.869 정보 [main] org.apache.catalina.core.ApplicationContext.log ContextListener: attributeAdded('StockTicker', 'async.Stockticker@1d9bec4d')
06-Feb-2026 10:51:55.329 정보 [main] org.apache.catalina.core.ApplicationContext.log ContextListener: contextInitialized()
06-Feb-2026 10:51:55.330 정보 [main] org.apache.catalina.core.ApplicationContext.log SessionListener: contextInitialized()
06-Feb-2026 10:51:55.332 정보 [main] org.apache.catalina.core.ApplicationContext.log ContextListener: attributeAdded('StockTicker', 'async.Stockticker@533b266e')
06-Feb-2026 10:51:55.411 정보 [main] org.apache.catalina.core.ApplicationContext.log SessionListener: contextDestroyed()
06-Feb-2026 10:51:55.411 정보 [main] org.apache.catalina.core.ApplicationContext.log ContextListener: contextDestroyed()
06-Feb-2026 10:52:06.942 정보 [main] org.apache.catalina.core.ApplicationContext.log ContextListener: contextInitialized()
06-Feb-2026 10:52:06.942 정보 [main] org.apache.catalina.core.ApplicationContext.log SessionListener: contextInitialized()
06-Feb-2026 10:52:06.943 정보 [main] org.apache.catalina.core.ApplicationContext.log ContextListener: attributeAdded('StockTicker', 'async.Stockticker@1d9bec4d')
06-Feb-2026 10:52:43.939 정보 [main] org.apache.catalina.core.ApplicationContext.log SessionListener: contextDestroyed()
06-Feb-2026 10:52:43.940 정보 [main] org.apache.catalina.core.ApplicationContext.log ContextListener: contextDestroyed()
06-Feb-2026 10:52:49.854 정보 [main] org.apache.catalina.core.ApplicationContext.log ContextListener: contextInitialized()
06-Feb-2026 10:52:49.854 정보 [main] org.apache.catalina.core.ApplicationContext.log SessionListener: contextInitialized()
06-Feb-2026 10:52:49.856 정보 [main] org.apache.catalina.core.ApplicationContext.log ContextListener: attributeAdded('StockTicker', 'async.Stockticker@6a1d204a')
06-Feb-2026 10:53:26.443 정보 [main] org.apache.catalina.core.ApplicationContext.log SessionListener: contextDestroyed()
06-Feb-2026 10:53:26.443 정보 [main] org.apache.catalina.core.ApplicationContext.log ContextListener: contextDestroyed()
06-Feb-2026 10:53:31.386 정보 [main] org.apache.catalina.core.ApplicationContext.log ContextListener: contextInitialized()
06-Feb-2026 10:53:31.387 정보 [main] org.apache.catalina.core.ApplicationContext.log SessionListener: contextInitialized()
06-Feb-2026 10:53:31.388 정보 [main] org.apache.catalina.core.ApplicationContext.log ContextListener: attributeAdded('StockTicker', 'async.Stockticker@6c6357f9')
06-Feb-2026 11:01:06.313 정보 [main] org.apache.catalina.core.ApplicationContext.log SessionListener: contextDestroyed()
06-Feb-2026 11:01:06.314 정보 [main] org.apache.catalina.core.ApplicationContext.log ContextListener: contextDestroyed()
06-Feb-2026 11:01:11.692 정보 [main] org.apache.catalina.core.ApplicationContext.log ContextListener: contextInitialized()
06-Feb-2026 11:01:11.692 정보 [main] org.apache.catalina.core.ApplicationContext.log SessionListener: contextInitialized()
06-Feb-2026 11:01:11.693 정보 [main] org.apache.catalina.core.ApplicationContext.log ContextListener: attributeAdded('StockTicker', 'async.Stockticker@4b6579e8')
06-Feb-2026 11:16:45.895 정보 [main] org.apache.catalina.core.ApplicationContext.log SessionListener: contextDestroyed()
06-Feb-2026 11:16:45.895 정보 [main] org.apache.catalina.core.ApplicationContext.log ContextListener: contextDestroyed()
06-Feb-2026 11:17:25.542 정보 [main] org.apache.catalina.core.ApplicationContext.log ContextListener: contextInitialized()
06-Feb-2026 11:17:25.542 정보 [main] org.apache.catalina.core.ApplicationContext.log SessionListener: contextInitialized()
06-Feb-2026 11:17:25.544 정보 [main] org.apache.catalina.core.ApplicationContext.log ContextListener: attributeAdded('StockTicker', 'async.Stockticker@549621f3')
06-Feb-2026 11:18:30.710 정보 [main] org.apache.catalina.core.ApplicationContext.log ContextListener: contextInitialized()
06-Feb-2026 11:18:30.710 정보 [main] org.apache.catalina.core.ApplicationContext.log SessionListener: contextInitialized()
06-Feb-2026 11:18:30.712 정보 [main] org.apache.catalina.core.ApplicationContext.log ContextListener: attributeAdded('StockTicker', 'async.Stockticker@32cb636e')
06-Feb-2026 11:18:30.806 정보 [main] org.apache.catalina.core.ApplicationContext.log SessionListener: contextDestroyed()
06-Feb-2026 11:18:30.806 정보 [main] org.apache.catalina.core.ApplicationContext.log ContextListener: contextDestroyed()
06-Feb-2026 11:24:18.284 정보 [main] org.apache.catalina.core.ApplicationContext.log SessionListener: contextDestroyed()
06-Feb-2026 11:24:18.284 정보 [main] org.apache.catalina.core.ApplicationContext.log ContextListener: contextDestroyed()
06-Feb-2026 11:24:23.011 정보 [main] org.apache.catalina.core.ApplicationContext.log ContextListener: contextInitialized()
06-Feb-2026 11:24:23.011 정보 [main] org.apache.catalina.core.ApplicationContext.log SessionListener: contextInitialized()
06-Feb-2026 11:24:23.014 정보 [main] org.apache.catalina.core.ApplicationContext.log ContextListener: attributeAdded('StockTicker', 'async.Stockticker@591e58fa')
06-Feb-2026 11:24:28.927 정보 [Thread-1] org.apache.catalina.core.ApplicationContext.log SessionListener: contextDestroyed()
06-Feb-2026 11:24:28.927 정보 [Thread-1] org.apache.catalina.core.ApplicationContext.log ContextListener: contextDestroyed()
06-Feb-2026 11:25:44.727 정보 [main] org.apache.catalina.core.ApplicationContext.log ContextListener: contextInitialized()
06-Feb-2026 11:25:44.727 정보 [main] org.apache.catalina.core.ApplicationContext.log SessionListener: contextInitialized()
06-Feb-2026 11:25:44.728 정보 [main] org.apache.catalina.core.ApplicationContext.log ContextListener: attributeAdded('StockTicker', 'async.Stockticker@591e58fa')
06-Feb-2026 11:25:57.601 정보 [Thread-1] org.apache.catalina.core.ApplicationContext.log SessionListener: contextDestroyed()
06-Feb-2026 11:25:57.601 정보 [Thread-1] org.apache.catalina.core.ApplicationContext.log ContextListener: contextDestroyed()
06-Feb-2026 16:38:30.857 정보 [main] org.apache.catalina.core.ApplicationContext.log ContextListener: contextInitialized()
06-Feb-2026 16:38:30.857 정보 [main] org.apache.catalina.core.ApplicationContext.log SessionListener: contextInitialized()
06-Feb-2026 16:38:30.857 정보 [main] org.apache.catalina.core.ApplicationContext.log ContextListener: attributeAdded('StockTicker', 'async.Stockticker@38991781')
06-Feb-2026 16:40:44.784 정보 [main] org.apache.catalina.core.ApplicationContext.log ContextListener: contextInitialized()
06-Feb-2026 16:40:44.784 정보 [main] org.apache.catalina.core.ApplicationContext.log SessionListener: contextInitialized()
06-Feb-2026 16:40:44.786 정보 [main] org.apache.catalina.core.ApplicationContext.log ContextListener: attributeAdded('StockTicker', 'async.Stockticker@753c7411')
06-Feb-2026 16:40:45.493 정보 [main] org.apache.catalina.core.ApplicationContext.log SessionListener: contextDestroyed()
06-Feb-2026 16:40:45.493 정보 [main] org.apache.catalina.core.ApplicationContext.log ContextListener: contextDestroyed()
06-Feb-2026 16:41:27.943 정보 [main] org.apache.catalina.core.ApplicationContext.log ContextListener: contextInitialized()
06-Feb-2026 16:41:27.943 정보 [main] org.apache.catalina.core.ApplicationContext.log SessionListener: contextInitialized()
06-Feb-2026 16:41:27.945 정보 [main] org.apache.catalina.core.ApplicationContext.log ContextListener: attributeAdded('StockTicker', 'async.Stockticker@4f8641d1')
06-Feb-2026 16:41:28.616 정보 [main] org.apache.catalina.core.ApplicationContext.log SessionListener: contextDestroyed()
06-Feb-2026 16:41:28.616 정보 [main] org.apache.catalina.core.ApplicationContext.log ContextListener: contextDestroyed()
06-Feb-2026 16:51:25.357 정보 [main] org.apache.catalina.core.ApplicationContext.log ContextListener: contextInitialized()
06-Feb-2026 16:51:25.357 정보 [main] org.apache.catalina.core.ApplicationContext.log SessionListener: contextInitialized()
06-Feb-2026 16:51:25.358 정보 [main] org.apache.catalina.core.ApplicationContext.log ContextListener: attributeAdded('StockTicker', 'async.Stockticker@e7ddf8d')
06-Feb-2026 16:51:26.063 정보 [main] org.apache.catalina.core.ApplicationContext.log SessionListener: contextDestroyed()
06-Feb-2026 16:51:26.063 정보 [main] org.apache.catalina.core.ApplicationContext.log ContextListener: contextDestroyed()
06-Feb-2026 17:14:36.519 정보 [main] org.apache.catalina.core.ApplicationContext.log ContextListener: contextInitialized()
06-Feb-2026 17:14:36.519 정보 [main] org.apache.catalina.core.ApplicationContext.log SessionListener: contextInitialized()
06-Feb-2026 17:14:36.520 정보 [main] org.apache.catalina.core.ApplicationContext.log ContextListener: attributeAdded('StockTicker', 'async.Stockticker@13f10967')
06-Feb-2026 17:15:10.959 정보 [main] org.apache.catalina.core.ApplicationContext.log ContextListener: contextInitialized()
06-Feb-2026 17:15:10.959 정보 [main] org.apache.catalina.core.ApplicationContext.log SessionListener: contextInitialized()
06-Feb-2026 17:15:10.962 정보 [main] org.apache.catalina.core.ApplicationContext.log ContextListener: attributeAdded('StockTicker', 'async.Stockticker@37823482')
06-Feb-2026 17:15:11.617 정보 [main] org.apache.catalina.core.ApplicationContext.log SessionListener: contextDestroyed()
06-Feb-2026 17:15:11.617 정보 [main] org.apache.catalina.core.ApplicationContext.log ContextListener: contextDestroyed()
06-Feb-2026 17:15:51.725 정보 [main] org.apache.catalina.core.ApplicationContext.log ContextListener: contextInitialized()
06-Feb-2026 17:15:51.725 정보 [main] org.apache.catalina.core.ApplicationContext.log SessionListener: contextInitialized()
06-Feb-2026 17:15:51.726 정보 [main] org.apache.catalina.core.ApplicationContext.log ContextListener: attributeAdded('StockTicker', 'async.Stockticker@34e7cde3')
06-Feb-2026 17:17:11.416 정보 [Thread-1] org.apache.catalina.core.ApplicationContext.log SessionListener: contextDestroyed()
06-Feb-2026 17:17:11.416 정보 [Thread-1] org.apache.catalina.core.ApplicationContext.log ContextListener: contextDestroyed()
06-Feb-2026 17:17:15.473 정보 [main] org.apache.catalina.core.ApplicationContext.log ContextListener: contextInitialized()
06-Feb-2026 17:17:15.473 정보 [main] org.apache.catalina.core.ApplicationContext.log SessionListener: contextInitialized()
06-Feb-2026 17:17:15.475 정보 [main] org.apache.catalina.core.ApplicationContext.log ContextListener: attributeAdded('StockTicker', 'async.Stockticker@222dc36c')
