10-Feb-2026 16:07:27.264 정보 [main] org.apache.catalina.core.ApplicationContext.log ContextListener: contextInitialized()
10-Feb-2026 16:07:27.264 정보 [main] org.apache.catalina.core.ApplicationContext.log SessionListener: contextInitialized()
10-Feb-2026 16:07:27.267 정보 [main] org.apache.catalina.core.ApplicationContext.log ContextListener: attributeAdded('StockTicker', 'async.Stockticker@1ebb36df')
10-Feb-2026 16:15:51.846 정보 [main] org.apache.catalina.core.ApplicationContext.log SessionListener: contextDestroyed()
10-Feb-2026 16:15:51.846 정보 [main] org.apache.catalina.core.ApplicationContext.log ContextListener: contextDestroyed()
10-Feb-2026 16:16:12.838 정보 [main] org.apache.catalina.core.ApplicationContext.log ContextListener: contextInitialized()
10-Feb-2026 16:16:12.838 정보 [main] org.apache.catalina.core.ApplicationContext.log SessionListener: contextInitialized()
10-Feb-2026 16:16:12.840 정보 [main] org.apache.catalina.core.ApplicationContext.log ContextListener: attributeAdded('StockTicker', 'async.Stockticker@70c99e13')
10-Feb-2026 16:20:20.054 정보 [main] org.apache.catalina.core.ApplicationContext.log SessionListener: contextDestroyed()
10-Feb-2026 16:20:20.054 정보 [main] org.apache.catalina.core.ApplicationContext.log ContextListener: contextDestroyed()
10-Feb-2026 16:22:04.821 정보 [main] org.apache.catalina.core.ApplicationContext.log ContextListener: contextInitialized()
10-Feb-2026 16:22:04.821 정보 [main] org.apache.catalina.core.ApplicationContext.log SessionListener: contextInitialized()
10-Feb-2026 16:22:04.822 정보 [main] org.apache.catalina.core.ApplicationContext.log ContextListener: attributeAdded('StockTicker', 'async.Stockticker@70c99e13')
10-Feb-2026 16:22:45.751 정보 [main] org.apache.catalina.core.ApplicationContext.log ContextListener: contextInitialized()
10-Feb-2026 16:22:45.751 정보 [main] org.apache.catalina.core.ApplicationContext.log SessionListener: contextInitialized()
10-Feb-2026 16:22:45.753 정보 [main] org.apache.catalina.core.ApplicationContext.log ContextListener: attributeAdded('StockTicker', 'async.Stockticker@76ffd052')
10-Feb-2026 16:22:46.423 정보 [main] org.apache.catalina.core.ApplicationContext.log SessionListener: contextDestroyed()
10-Feb-2026 16:22:46.423 정보 [main] org.apache.catalina.core.ApplicationContext.log ContextListener: contextDestroyed()
10-Feb-2026 16:40:56.905 정보 [main] org.apache.catalina.core.ApplicationContext.log ContextListener: contextInitialized()
10-Feb-2026 16:40:56.905 정보 [main] org.apache.catalina.core.ApplicationContext.log SessionListener: contextInitialized()
10-Feb-2026 16:40:56.908 정보 [main] org.apache.catalina.core.ApplicationContext.log ContextListener: attributeAdded('StockTicker', 'async.Stockticker@6bed434d')
